2025-09-23 23:00:14 | INFO | Logging to file: logs/project_log_11768.log
2025-09-23 23:00:14 | INFO | Log sanitization enabled, personal info removed
2025-09-23 23:00:14 | INFO | Starting Much Ado Producer (random author + random message).
2025-09-23 23:00:14 | INFO | Use Ctrl+C to stop.
2025-09-23 23:00:14 | INFO | MESSAGE_INTERVAL_SECONDS: 5
2025-09-23 23:00:14 | INFO | BUZZ_TOPIC: buzzline
2025-09-23 23:00:14 | INFO | KAFKA_BROKER_ADDRESS: 127.0.0.1:9092
2025-09-23 23:00:14 | INFO | BASE_DATA_DIR: PROJECT_ROOT/data
2025-09-23 23:00:14 | INFO | LIVE_DATA_PATH: PROJECT_ROOT/data/project_live.json
2025-09-23 23:00:14 | INFO | [producer_much_ado] Using reference JSON: PROJECT_ROOT/files/much_ado_excerpt.json
2025-09-23 23:00:14 | INFO | Deleted existing live data file.
2025-09-23 23:00:14 | INFO | Kafka broker address: localhost:9092
2025-09-23 23:00:15 | INFO | Kafka is ready. Brokers: {'throttle_time_ms': 0, 'brokers': [{'node_id': 1, 'host': '127.0.0.1', 'port': 9092, 'rack': None}], 'cluster_id': 'izX4qtgsSweNTi1cWUWQEA', 'controller_id': 1}
2025-09-23 23:00:15 | INFO | Kafka broker address: localhost:9092
2025-09-23 23:00:15 | INFO | Topic 'buzzline' already exists. Recreating fresh...
2025-09-23 23:00:15 | INFO | Requested deletion of topic 'buzzline'.
2025-09-23 23:00:15 | INFO | Topic 'buzzline' created successfully.
2025-09-23 23:00:15 | INFO | {'message': 'And thou shalt see how apt it is to learn', 'author': 'benedick', 'timestamp': '2025-09-23 23:00:15', 'category': 'literature', 'sentiment': 0.5, 'keyword_mentioned': 'none', 'message_length': 41}
2025-09-23 23:00:20 | INFO | {'message': 'What news, Borachio?', 'author': 'benedick', 'timestamp': '2025-09-23 23:00:20', 'category': 'literature', 'sentiment': 0.5, 'keyword_mentioned': 'none', 'message_length': 20}
2025-09-23 23:00:25 | INFO | {'message': 'stay here at the least a month, and he heartly prays some occasion may', 'author': 'don pedro', 'timestamp': '2025-09-23 23:00:25', 'category': 'literature', 'sentiment': 0.5, 'keyword_mentioned': 'none', 'message_length': 70}
2025-09-23 23:00:30 | INFO | {'message': 'A victory is twice itself when the achiever brings home full', 'author': 'beatrice', 'timestamp': '2025-09-23 23:00:30', 'category': 'literature', 'sentiment': 0.5, 'keyword_mentioned': 'none', 'message_length': 60}
2025-09-23 23:00:35 | INFO | {'message': 'I noted her not; but I looked on her.', 'author': 'benedick', 'timestamp': '2025-09-23 23:00:35', 'category': 'literature', 'sentiment': 0.5, 'keyword_mentioned': 'none', 'message_length': 37}
2025-09-23 23:00:40 | INFO | {'message': 'Well, as time shall try: ‘In time the savage bull', 'author': 'don john', 'timestamp': '2025-09-23 23:00:40', 'category': 'literature', 'sentiment': 0.5, 'keyword_mentioned': 'none', 'message_length': 49}
2025-09-23 23:00:45 | INFO | {'message': 'Can the world buy such a jewel?', 'author': 'claudio', 'timestamp': '2025-09-23 23:00:45', 'category': 'literature', 'sentiment': 0.5, 'keyword_mentioned': 'none', 'message_length': 31}
2025-09-23 23:00:50 | INFO | {'message': 'man’s leisure; sleep when I am drowsy, and tend on no man’s', 'author': 'don john', 'timestamp': '2025-09-23 23:00:50', 'category': 'literature', 'sentiment': 0.5, 'keyword_mentioned': 'none', 'message_length': 59}
2025-09-23 23:00:55 | INFO | {'message': 'He is very busy about it. But, brother, I can tell you strange', 'author': 'claudio', 'timestamp': '2025-09-23 23:00:55', 'category': 'literature', 'sentiment': 0.5, 'keyword_mentioned': 'none', 'message_length': 62}
2025-09-23 23:01:00 | INFO | {'message': 'Is’t come to this, in faith? Hath not the world one', 'author': 'don john', 'timestamp': '2025-09-23 23:01:00', 'category': 'literature', 'sentiment': 0.5, 'keyword_mentioned': 'none', 'message_length': 51}
2025-09-23 23:01:05 | INFO | {'message': 'How now, brother? Where is my cousin your son? Hath he provided', 'author': 'leonato', 'timestamp': '2025-09-23 23:01:05', 'category': 'literature', 'sentiment': 0.5, 'keyword_mentioned': 'none', 'message_length': 63}
2025-09-23 23:01:10 | INFO | {'message': 'Thou wilt be like a lover presently,', 'author': 'don john', 'timestamp': '2025-09-23 23:01:10', 'category': 'literature', 'sentiment': 0.5, 'keyword_mentioned': 'none', 'message_length': 36}
2025-09-23 23:01:15 | INFO | {'message': 'Would you buy her, that you enquire after her?', 'author': 'benedick', 'timestamp': '2025-09-23 23:01:15', 'category': 'literature', 'sentiment': 0.5, 'keyword_mentioned': 'none', 'message_length': 46}
2025-09-23 23:01:20 | INFO | {'message': 'I will hold friends with you, lady.', 'author': 'don pedro', 'timestamp': '2025-09-23 23:01:20', 'category': 'literature', 'sentiment': 0.5, 'keyword_mentioned': 'none', 'message_length': 35}
2025-09-23 23:01:25 | INFO | {'message': 'And a good soldier to a lady; but what is he to a lord?', 'author': 'don john', 'timestamp': '2025-09-23 23:01:25', 'category': 'literature', 'sentiment': 1.0, 'keyword_mentioned': 'none', 'message_length': 55}
2025-09-23 23:01:30 | INFO | {'message': 'And tell fair Hero I am Claudio;', 'author': 'leonato', 'timestamp': '2025-09-23 23:01:30', 'category': 'literature', 'sentiment': 0.5, 'keyword_mentioned': 'none', 'message_length': 32}
2025-09-23 23:01:35 | INFO | {'message': 'Marry, it is your brother’s right hand.', 'author': 'leonato', 'timestamp': '2025-09-23 23:01:35', 'category': 'literature', 'sentiment': 0.5, 'keyword_mentioned': 'none', 'message_length': 39}
2025-09-23 23:01:40 | INFO | {'message': 'Never came trouble to my house in the likeness of your Grace, for', 'author': 'benedick', 'timestamp': '2025-09-23 23:01:40', 'category': 'literature', 'sentiment': 1.0, 'keyword_mentioned': 'none', 'message_length': 65}
2025-09-23 23:01:45 | INFO | {'message': 'My love is thine to teach: teach it but how,', 'author': 'beatrice', 'timestamp': '2025-09-23 23:01:45', 'category': 'literature', 'sentiment': 1.0, 'keyword_mentioned': 'none', 'message_length': 44}
2025-09-23 23:01:50 | INFO | {'message': 'Nay, mock not, mock not. The body of your discourse is sometime', 'author': 'don john', 'timestamp': '2025-09-23 23:01:50', 'category': 'literature', 'sentiment': 0.5, 'keyword_mentioned': 'none', 'message_length': 63}
2025-09-23 23:01:55 | INFO | {'message': 'and he hath ta’en you newly into his grace; where it is impossible', 'author': 'antonio', 'timestamp': '2025-09-23 23:01:55', 'category': 'literature', 'sentiment': 1.0, 'keyword_mentioned': 'none', 'message_length': 66}
2025-09-23 23:02:00 | INFO | {'message': 'me up at the door of a brothel-house for the sign of blind Cupid.', 'author': 'claudio', 'timestamp': '2025-09-23 23:02:00', 'category': 'literature', 'sentiment': 0.5, 'keyword_mentioned': 'none', 'message_length': 65}
2025-09-23 23:02:05 | INFO | {'message': 'he is in love. With who? now that is your Grace’s part. Mark how', 'author': 'leonato', 'timestamp': '2025-09-23 23:02:05', 'category': 'literature', 'sentiment': 1.0, 'keyword_mentioned': 'none', 'message_length': 64}
2025-09-23 23:02:10 | INFO | {'message': 'man’s leisure; sleep when I am drowsy, and tend on no man’s', 'author': 'borachio', 'timestamp': '2025-09-23 23:02:10', 'category': 'literature', 'sentiment': 0.5, 'keyword_mentioned': 'none', 'message_length': 59}
2025-09-23 23:02:15 | INFO | {'message': 'this music?', 'author': 'don pedro', 'timestamp': '2025-09-23 23:02:15', 'category': 'literature', 'sentiment': 0.5, 'keyword_mentioned': 'none', 'message_length': 11}
2025-09-23 23:02:20 | INFO | {'message': 'betwixt Signior Benedick and her; they never meet but there’s a', 'author': 'messenger', 'timestamp': '2025-09-23 23:02:20', 'category': 'literature', 'sentiment': 0.5, 'keyword_mentioned': 'none', 'message_length': 63}
2025-09-23 23:02:25 | INFO | {'message': 'Hath Leonato any son, my lord?', 'author': 'claudio', 'timestamp': '2025-09-23 23:02:25', 'category': 'literature', 'sentiment': 0.5, 'keyword_mentioned': 'none', 'message_length': 30}
2025-09-23 23:02:30 | INFO | {'message': 'Your hand, Leonato; we will go together.', 'author': 'leonato', 'timestamp': '2025-09-23 23:02:30', 'category': 'literature', 'sentiment': 0.5, 'keyword_mentioned': 'none', 'message_length': 40}
2025-09-23 23:02:35 | INFO | {'message': 'A proper squire! And who, and who? which way looks he?', 'author': 'benedick', 'timestamp': '2025-09-23 23:02:35', 'category': 'literature', 'sentiment': 0.5, 'keyword_mentioned': 'none', 'message_length': 54}
2025-09-23 23:02:40 | INFO | {'message': 'I commit you—', 'author': 'don john', 'timestamp': '2025-09-23 23:02:40', 'category': 'literature', 'sentiment': 0.5, 'keyword_mentioned': 'none', 'message_length': 13}
2025-09-23 23:02:45 | INFO | {'message': 'Look! Don Pedro is returned to seek you.', 'author': 'don pedro', 'timestamp': '2025-09-23 23:02:45', 'category': 'literature', 'sentiment': 0.5, 'keyword_mentioned': 'none', 'message_length': 40}
2025-09-23 23:02:50 | INFO | {'message': 'To the tuition of God: from my house, if I had it,—', 'author': 'borachio', 'timestamp': '2025-09-23 23:02:50', 'category': 'literature', 'sentiment': 0.5, 'keyword_mentioned': 'none', 'message_length': 51}
2025-09-23 23:02:55 | INFO | {'message': 'A very forward March-chick! How came you to this?', 'author': 'don john', 'timestamp': '2025-09-23 23:02:55', 'category': 'literature', 'sentiment': 0.5, 'keyword_mentioned': 'none', 'message_length': 49}
2025-09-23 23:03:00 | INFO | {'message': 'But lest my liking might too sudden seem,', 'author': 'benedick', 'timestamp': '2025-09-23 23:03:00', 'category': 'literature', 'sentiment': 0.5, 'keyword_mentioned': 'none', 'message_length': 41}
2025-09-23 23:03:05 | INFO | {'message': 'What! my dear Lady Disdain, are you yet living?', 'author': 'conrade', 'timestamp': '2025-09-23 23:03:05', 'category': 'literature', 'sentiment': 0.5, 'keyword_mentioned': 'none', 'message_length': 47}
2025-09-23 23:03:07 | WARNING | Producer interrupted by user.
2025-09-23 23:03:07 | INFO | Producer shutting down.
