2025-09-23 23:21:08 | INFO | Logging to file: logs/project_log_50272.log
2025-09-23 23:21:08 | INFO | Log sanitization enabled, personal info removed
2025-09-23 23:21:08 | INFO | [consumer_data_git_hub] Starting (Kafka mode).
2025-09-23 23:21:08 | INFO | BUZZ_TOPIC: buzzline
2025-09-23 23:21:08 | INFO | BUZZ_CONSUMER_GROUP_ID: buzz_group
2025-09-23 23:21:08 | INFO | BASE_DATA_DIR: PROJECT_ROOT/data
2025-09-23 23:21:08 | INFO | SQLITE_PATH: PROJECT_ROOT/data/buzz.sqlite
2025-09-23 23:21:08 | INFO | [consumer_data_git_hub] SQLite ready at PROJECT_ROOT/data/buzz.sqlite
2025-09-23 23:21:08 | INFO | [consumer_data_git_hub] Loaded reference pairs: 321 from PROJECT_ROOT/files/much_ado_excerpt.json
2025-09-23 23:21:08 | INFO | [consumer_data_git_hub] Loaded 42 flag words from PROJECT_ROOT/files/flag_words.txt
2025-09-23 23:21:08 | INFO | [consumer_data_git_hub] ALERT_ON_VALID_AUTHOR_ONLY=False ALERT_KEYWORD_MIN=1
2025-09-23 23:21:08 | INFO | Kafka broker address: localhost:9092
2025-09-23 23:21:09 | INFO | Kafka is ready. Brokers: {'throttle_time_ms': 0, 'brokers': [{'node_id': 1, 'host': '127.0.0.1', 'port': 9092, 'rack': None}], 'cluster_id': 'izX4qtgsSweNTi1cWUWQEA', 'controller_id': 1}
2025-09-23 23:21:09 | INFO | Kafka broker address: localhost:9092
2025-09-23 23:21:09 | INFO | Creating Kafka consumer. Topic='buzzline' and group ID='buzz_group'.
2025-09-23 23:21:09 | INFO | Kafka consumer created successfully.
2025-09-23 23:21:09 | INFO | [consumer_data_git_hub] Polling for messages...
2025-09-23 23:21:12 | INFO | [consumer_data_git_hub] Processed row: {'src_timestamp': '2025-09-23 23:21:04', 'author': 'borachio', 'message': 'He hath borne himself beyond the promise of his age, doing in the figure', 'author_message_valid': 0, 'keyword_hit_count': 0, 'keywords_hit': ''}
2025-09-23 23:21:12 | INFO | [consumer_data_git_hub] Inserted one processed row.
2025-09-23 23:21:12 | INFO | [consumer_data_git_hub] Alert decision=%s :: %s
2025-09-23 23:21:12 | INFO | [consumer_data_git_hub] Processed row: {'src_timestamp': '2025-09-23 23:21:09', 'author': 'benedick', 'message': 'ladies, only you excepted; and I would I could find in my heart that I had', 'author_message_valid': 1, 'keyword_hit_count': 0, 'keywords_hit': ''}
2025-09-23 23:21:12 | INFO | [consumer_data_git_hub] Inserted one processed row.
2025-09-23 23:21:12 | INFO | [consumer_data_git_hub] Alert decision=%s :: %s
2025-09-23 23:21:14 | INFO | [consumer_data_git_hub] Processed row: {'src_timestamp': '2025-09-23 23:21:14', 'author': 'don john', 'message': 'A kind overflow of kindness. There are no faces truer than those', 'author_message_valid': 0, 'keyword_hit_count': 0, 'keywords_hit': ''}
2025-09-23 23:21:14 | INFO | [consumer_data_git_hub] Inserted one processed row.
2025-09-23 23:21:14 | INFO | [consumer_data_git_hub] Alert decision=%s :: %s
2025-09-23 23:21:19 | INFO | [consumer_data_git_hub] Processed row: {'src_timestamp': '2025-09-23 23:21:19', 'author': 'benedick', 'message': 'Is it possible Disdain should die while she hath such meet food', 'author_message_valid': 0, 'keyword_hit_count': 2, 'keywords_hit': 'die, disdain'}
2025-09-23 23:21:19 | INFO | [consumer_data_git_hub] Inserted one processed row.
2025-09-23 23:21:19 | INFO | [consumer_data_git_hub] Alert decision=%s :: %s
2025-09-23 23:21:19 | WARNING | [ALERT] ts=%s author=%s hits=%s [%s] :: %s
2025-09-23 23:21:24 | INFO | [consumer_data_git_hub] Processed row: {'src_timestamp': '2025-09-23 23:21:24', 'author': 'beatrice', 'message': 'comes me the Prince and Claudio, hand in hand, in sad conference: I whipt', 'author_message_valid': 0, 'keyword_hit_count': 0, 'keywords_hit': ''}
2025-09-23 23:21:24 | INFO | [consumer_data_git_hub] Inserted one processed row.
2025-09-23 23:21:24 | INFO | [consumer_data_git_hub] Alert decision=%s :: %s
2025-09-23 23:21:29 | INFO | [consumer_data_git_hub] Processed row: {'src_timestamp': '2025-09-23 23:21:29', 'author': 'hero', 'message': 'A victory is twice itself when the achiever brings home full', 'author_message_valid': 0, 'keyword_hit_count': 0, 'keywords_hit': ''}
2025-09-23 23:21:29 | INFO | [consumer_data_git_hub] Inserted one processed row.
2025-09-23 23:21:29 | INFO | [consumer_data_git_hub] Alert decision=%s :: %s
2025-09-23 23:21:34 | INFO | [consumer_data_git_hub] Processed row: {'src_timestamp': '2025-09-23 23:21:34', 'author': 'beatrice', 'message': 'it.', 'author_message_valid': 0, 'keyword_hit_count': 0, 'keywords_hit': ''}
2025-09-23 23:21:34 | INFO | [consumer_data_git_hub] Inserted one processed row.
2025-09-23 23:21:34 | INFO | [consumer_data_git_hub] Alert decision=%s :: %s
2025-09-23 23:21:39 | INFO | [consumer_data_git_hub] Processed row: {'src_timestamp': '2025-09-23 23:21:39', 'author': 'don pedro', 'message': 'women shall pardon me. Because I will not do them the wrong to mistrust', 'author_message_valid': 0, 'keyword_hit_count': 0, 'keywords_hit': ''}
2025-09-23 23:21:39 | INFO | [consumer_data_git_hub] Inserted one processed row.
2025-09-23 23:21:39 | INFO | [consumer_data_git_hub] Alert decision=%s :: %s
2025-09-23 23:21:44 | INFO | [consumer_data_git_hub] Processed row: {'src_timestamp': '2025-09-23 23:21:44', 'author': 'don pedro', 'message': 'I wonder that you will still be talking, Signior Benedick:', 'author_message_valid': 0, 'keyword_hit_count': 0, 'keywords_hit': ''}
2025-09-23 23:21:44 | INFO | [consumer_data_git_hub] Inserted one processed row.
2025-09-23 23:21:44 | INFO | [consumer_data_git_hub] Alert decision=%s :: %s
2025-09-23 23:21:49 | INFO | [consumer_data_git_hub] Processed row: {'src_timestamp': '2025-09-23 23:21:49', 'author': 'messenger', 'message': 'Well, you will temporize with the hours. In the meantime,', 'author_message_valid': 0, 'keyword_hit_count': 0, 'keywords_hit': ''}
2025-09-23 23:21:49 | INFO | [consumer_data_git_hub] Inserted one processed row.
2025-09-23 23:21:49 | INFO | [consumer_data_git_hub] Alert decision=%s :: %s
2025-09-23 23:21:54 | INFO | [consumer_data_git_hub] Processed row: {'src_timestamp': '2025-09-23 23:21:54', 'author': 'leonato', 'message': 'winded in my forehead, or hang my bugle in an invisible baldrick, all', 'author_message_valid': 0, 'keyword_hit_count': 0, 'keywords_hit': ''}
2025-09-23 23:21:54 | INFO | [consumer_data_git_hub] Inserted one processed row.
2025-09-23 23:21:54 | INFO | [consumer_data_git_hub] Alert decision=%s :: %s
2025-09-23 23:21:59 | INFO | [consumer_data_git_hub] Processed row: {'src_timestamp': '2025-09-23 23:21:59', 'author': 'messenger', 'message': 'be meet with you, I doubt it not.', 'author_message_valid': 0, 'keyword_hit_count': 0, 'keywords_hit': ''}
2025-09-23 23:21:59 | INFO | [consumer_data_git_hub] Inserted one processed row.
2025-09-23 23:21:59 | INFO | [consumer_data_git_hub] Alert decision=%s :: %s
2025-09-23 23:22:04 | INFO | [consumer_data_git_hub] Processed row: {'src_timestamp': '2025-09-23 23:22:04', 'author': 'benedick', 'message': 'Benedick, my dear friend Leonato hath invited you all. I tell him we shall', 'author_message_valid': 0, 'keyword_hit_count': 0, 'keywords_hit': ''}
2025-09-23 23:22:04 | INFO | [consumer_data_git_hub] Inserted one processed row.
2025-09-23 23:22:04 | INFO | [consumer_data_git_hub] Alert decision=%s :: %s
2025-09-23 23:22:09 | INFO | [consumer_data_git_hub] Processed row: {'src_timestamp': '2025-09-23 23:22:09', 'author': 'messenger', 'message': 'Do, good friend.', 'author_message_valid': 0, 'keyword_hit_count': 0, 'keywords_hit': ''}
2025-09-23 23:22:09 | INFO | [consumer_data_git_hub] Inserted one processed row.
2025-09-23 23:22:09 | INFO | [consumer_data_git_hub] Alert decision=%s :: %s
2025-09-23 23:22:14 | INFO | [consumer_data_git_hub] Processed row: {'src_timestamp': '2025-09-23 23:22:14', 'author': 'leonato', 'message': 'But few of any sort, and none of name.', 'author_message_valid': 0, 'keyword_hit_count': 0, 'keywords_hit': ''}
2025-09-23 23:22:14 | INFO | [consumer_data_git_hub] Inserted one processed row.
2025-09-23 23:22:14 | INFO | [consumer_data_git_hub] Alert decision=%s :: %s
2025-09-23 23:22:19 | INFO | [consumer_data_git_hub] Processed row: {'src_timestamp': '2025-09-23 23:22:19', 'author': 'beatrice', 'message': 'Are they good?', 'author_message_valid': 0, 'keyword_hit_count': 0, 'keywords_hit': ''}
2025-09-23 23:22:19 | INFO | [consumer_data_git_hub] Inserted one processed row.
2025-09-23 23:22:19 | INFO | [consumer_data_git_hub] Alert decision=%s :: %s
2025-09-23 23:22:24 | INFO | [consumer_data_git_hub] Processed row: {'src_timestamp': '2025-09-23 23:22:24', 'author': 'benedick', 'message': 'this music?', 'author_message_valid': 0, 'keyword_hit_count': 0, 'keywords_hit': ''}
2025-09-23 23:22:24 | INFO | [consumer_data_git_hub] Inserted one processed row.
2025-09-23 23:22:24 | INFO | [consumer_data_git_hub] Alert decision=%s :: %s
2025-09-23 23:22:29 | INFO | [consumer_data_git_hub] Processed row: {'src_timestamp': '2025-09-23 23:22:29', 'author': 'benedick', 'message': 'she were unhandsome, and being no other but as she is, I do not like her.', 'author_message_valid': 1, 'keyword_hit_count': 0, 'keywords_hit': ''}
2025-09-23 23:22:29 | INFO | [consumer_data_git_hub] Inserted one processed row.
2025-09-23 23:22:29 | INFO | [consumer_data_git_hub] Alert decision=%s :: %s
2025-09-23 23:22:34 | INFO | [consumer_data_git_hub] Processed row: {'src_timestamp': '2025-09-23 23:22:34', 'author': 'messenger', 'message': 'Well, if ever thou dost fall from this faith, thou wilt prove a', 'author_message_valid': 0, 'keyword_hit_count': 0, 'keywords_hit': ''}
2025-09-23 23:22:34 | INFO | [consumer_data_git_hub] Inserted one processed row.
2025-09-23 23:22:34 | INFO | [consumer_data_git_hub] Alert decision=%s :: %s
2025-09-23 23:22:39 | INFO | [consumer_data_git_hub] Processed row: {'src_timestamp': '2025-09-23 23:22:39', 'author': 'messenger', 'message': 'If this were so, so were it uttered.', 'author_message_valid': 0, 'keyword_hit_count': 0, 'keywords_hit': ''}
2025-09-23 23:22:39 | INFO | [consumer_data_git_hub] Inserted one processed row.
2025-09-23 23:22:39 | INFO | [consumer_data_git_hub] Alert decision=%s :: %s
2025-09-23 23:22:44 | INFO | [consumer_data_git_hub] Processed row: {'src_timestamp': '2025-09-23 23:22:44', 'author': 'don john', 'message': 'No, no; we will hold it as a dream till it appear itself: but I', 'author_message_valid': 0, 'keyword_hit_count': 0, 'keywords_hit': ''}
2025-09-23 23:22:44 | INFO | [consumer_data_git_hub] Inserted one processed row.
2025-09-23 23:22:44 | INFO | [consumer_data_git_hub] Alert decision=%s :: %s
2025-09-23 23:22:49 | INFO | [consumer_data_git_hub] Processed row: {'src_timestamp': '2025-09-23 23:22:49', 'author': 'messenger', 'message': 'A proper squire! And who, and who? which way looks he?', 'author_message_valid': 0, 'keyword_hit_count': 0, 'keywords_hit': ''}
2025-09-23 23:22:49 | INFO | [consumer_data_git_hub] Inserted one processed row.
2025-09-23 23:22:49 | INFO | [consumer_data_git_hub] Alert decision=%s :: %s
2025-09-23 23:22:54 | INFO | [consumer_data_git_hub] Processed row: {'src_timestamp': '2025-09-23 23:22:54', 'author': 'don pedro', 'message': 'Thou wilt be like a lover presently,', 'author_message_valid': 1, 'keyword_hit_count': 0, 'keywords_hit': ''}
2025-09-23 23:22:54 | INFO | [consumer_data_git_hub] Inserted one processed row.
2025-09-23 23:22:54 | INFO | [consumer_data_git_hub] Alert decision=%s :: %s
2025-09-23 23:22:59 | INFO | [consumer_data_git_hub] Processed row: {'src_timestamp': '2025-09-23 23:22:59', 'author': 'borachio', 'message': 'your daughter.', 'author_message_valid': 0, 'keyword_hit_count': 0, 'keywords_hit': ''}
2025-09-23 23:22:59 | INFO | [consumer_data_git_hub] Inserted one processed row.
2025-09-23 23:22:59 | INFO | [consumer_data_git_hub] Alert decision=%s :: %s
2025-09-23 23:23:04 | INFO | [consumer_data_git_hub] Processed row: {'src_timestamp': '2025-09-23 23:23:04', 'author': 'messenger', 'message': 'Then is courtesy a turncoat. But it is certain I am loved of all', 'author_message_valid': 0, 'keyword_hit_count': 0, 'keywords_hit': ''}
2025-09-23 23:23:04 | INFO | [consumer_data_git_hub] Inserted one processed row.
2025-09-23 23:23:04 | INFO | [consumer_data_git_hub] Alert decision=%s :: %s
2025-09-23 23:23:09 | INFO | [consumer_data_git_hub] Processed row: {'src_timestamp': '2025-09-23 23:23:09', 'author': 'claudio', 'message': 'with a pernicious suitor. I thank God and my cold blood, I am of your', 'author_message_valid': 0, 'keyword_hit_count': 0, 'keywords_hit': ''}
2025-09-23 23:23:09 | INFO | [consumer_data_git_hub] Inserted one processed row.
2025-09-23 23:23:09 | INFO | [consumer_data_git_hub] Alert decision=%s :: %s
2025-09-23 23:23:14 | INFO | [consumer_data_git_hub] Processed row: {'src_timestamp': '2025-09-23 23:23:14', 'author': 'borachio', 'message': 'I would my horse had the speed of your tongue, and so good a', 'author_message_valid': 0, 'keyword_hit_count': 0, 'keywords_hit': ''}
2025-09-23 23:23:14 | INFO | [consumer_data_git_hub] Inserted one processed row.
2025-09-23 23:23:14 | INFO | [consumer_data_git_hub] Alert decision=%s :: %s
2025-09-23 23:23:19 | INFO | [consumer_data_git_hub] Processed row: {'src_timestamp': '2025-09-23 23:23:19', 'author': 'benedick', 'message': 'If this should ever happen, thou wouldst be horn-mad.', 'author_message_valid': 0, 'keyword_hit_count': 0, 'keywords_hit': ''}
2025-09-23 23:23:19 | INFO | [consumer_data_git_hub] Inserted one processed row.
2025-09-23 23:23:19 | INFO | [consumer_data_git_hub] Alert decision=%s :: %s
2025-09-23 23:23:24 | INFO | [consumer_data_git_hub] Processed row: {'src_timestamp': '2025-09-23 23:23:24', 'author': 'benedick', 'message': 'He is very busy about it. But, brother, I can tell you strange', 'author_message_valid': 0, 'keyword_hit_count': 0, 'keywords_hit': ''}
2025-09-23 23:23:24 | INFO | [consumer_data_git_hub] Inserted one processed row.
2025-09-23 23:23:24 | INFO | [consumer_data_git_hub] Alert decision=%s :: %s
2025-09-23 23:23:29 | INFO | [consumer_data_git_hub] Processed row: {'src_timestamp': '2025-09-23 23:23:29', 'author': 'don pedro', 'message': 'That a woman conceived me, I thank her; that she brought me up,', 'author_message_valid': 0, 'keyword_hit_count': 0, 'keywords_hit': ''}
2025-09-23 23:23:29 | INFO | [consumer_data_git_hub] Inserted one processed row.
2025-09-23 23:23:29 | INFO | [consumer_data_git_hub] Alert decision=%s :: %s
2025-09-23 23:23:34 | INFO | [consumer_data_git_hub] Processed row: {'src_timestamp': '2025-09-23 23:23:34', 'author': 'don pedro', 'message': 'any, I will do myself the right to trust none; and the fine is,—for the', 'author_message_valid': 0, 'keyword_hit_count': 0, 'keywords_hit': ''}
2025-09-23 23:23:34 | INFO | [consumer_data_git_hub] Inserted one processed row.
2025-09-23 23:23:34 | INFO | [consumer_data_git_hub] Alert decision=%s :: %s
2025-09-23 23:23:39 | INFO | [consumer_data_git_hub] Processed row: {'src_timestamp': '2025-09-23 23:23:39', 'author': 'leonato', 'message': 'no intent to turn husband, have you?', 'author_message_valid': 0, 'keyword_hit_count': 0, 'keywords_hit': ''}
2025-09-23 23:23:39 | INFO | [consumer_data_git_hub] Inserted one processed row.
2025-09-23 23:23:39 | INFO | [consumer_data_git_hub] Alert decision=%s :: %s
2025-09-23 23:23:44 | INFO | [consumer_data_git_hub] Processed row: {'src_timestamp': '2025-09-23 23:23:44', 'author': 'leonato', 'message': 'I would have salv’d it with a longer treatise.', 'author_message_valid': 0, 'keyword_hit_count': 0, 'keywords_hit': ''}
2025-09-23 23:23:44 | INFO | [consumer_data_git_hub] Inserted one processed row.
2025-09-23 23:23:44 | INFO | [consumer_data_git_hub] Alert decision=%s :: %s
2025-09-23 23:23:47 | WARNING | [consumer_data_git_hub] Interrupted by user.
2025-09-23 23:23:47 | INFO | [consumer_data_git_hub] Shutdown complete.
