2025-09-24 00:10:59 | INFO | Logging to file: logs/project_log_24916.log
2025-09-24 00:10:59 | INFO | Log sanitization enabled, personal info removed
2025-09-24 00:10:59 | INFO | Starting Much Ado Producer (random author + random message).
2025-09-24 00:10:59 | INFO | Use Ctrl+C to stop.
2025-09-24 00:10:59 | INFO | MESSAGE_INTERVAL_SECONDS: 5
2025-09-24 00:10:59 | INFO | BUZZ_TOPIC: buzzline
2025-09-24 00:10:59 | INFO | KAFKA_BROKER_ADDRESS: 127.0.0.1:9092
2025-09-24 00:10:59 | INFO | BASE_DATA_DIR: PROJECT_ROOT/data
2025-09-24 00:10:59 | INFO | LIVE_DATA_PATH: PROJECT_ROOT/data/project_live.json
2025-09-24 00:10:59 | INFO | [producer_much_ado] Using reference JSON: PROJECT_ROOT/files/much_ado_excerpt.json
2025-09-24 00:10:59 | INFO | Deleted existing live data file.
2025-09-24 00:10:59 | INFO | Kafka broker address: localhost:9092
2025-09-24 00:10:59 | INFO | Kafka is ready. Brokers: {'throttle_time_ms': 0, 'brokers': [{'node_id': 1, 'host': '127.0.0.1', 'port': 9092, 'rack': None}], 'cluster_id': 'izX4qtgsSweNTi1cWUWQEA', 'controller_id': 1}
2025-09-24 00:10:59 | INFO | Kafka broker address: localhost:9092
2025-09-24 00:10:59 | INFO | Topic 'buzzline' already exists. Recreating fresh...
2025-09-24 00:10:59 | INFO | Requested deletion of topic 'buzzline'.
2025-09-24 00:10:59 | INFO | Topic 'buzzline' created successfully.
2025-09-24 00:10:59 | INFO | {'message': 'My liege, your Highness now may do me good.', 'author': 'benedick', 'timestamp': '2025-09-24 00:10:59', 'category': 'literature', 'sentiment': 1.0, 'keyword_mentioned': 'none', 'message_length': 43}
2025-09-24 00:11:04 | INFO | {'message': 'I commit you—', 'author': 'claudio', 'timestamp': '2025-09-24 00:11:04', 'category': 'literature', 'sentiment': 0.5, 'keyword_mentioned': 'none', 'message_length': 13}
2025-09-24 00:11:09 | INFO | {'message': 'of a lamb the feats of a lion: he hath indeed better bettered expectation', 'author': 'don pedro', 'timestamp': '2025-09-24 00:11:09', 'category': 'literature', 'sentiment': 0.5, 'keyword_mentioned': 'none', 'message_length': 73}
2025-09-24 00:11:14 | INFO | {'message': 'that hits me, let him be clapped on the shoulder and called Adam.', 'author': 'messenger', 'timestamp': '2025-09-24 00:11:14', 'category': 'literature', 'sentiment': 0.5, 'keyword_mentioned': 'none', 'message_length': 65}
2025-09-24 00:11:19 | INFO | {'message': 'If this should ever happen, thou wouldst be horn-mad.', 'author': 'borachio', 'timestamp': '2025-09-24 00:11:19', 'category': 'literature', 'sentiment': 0.5, 'keyword_mentioned': 'none', 'message_length': 53}
2025-09-24 00:11:24 | INFO | {'message': 'Hath the fellow any wit that told you this?', 'author': 'beatrice', 'timestamp': '2025-09-24 00:11:24', 'category': 'literature', 'sentiment': 0.5, 'keyword_mentioned': 'none', 'message_length': 43}
2025-09-24 00:11:29 | INFO | {'message': 'Then after to her father will I break;', 'author': 'don pedro', 'timestamp': '2025-09-24 00:11:29', 'category': 'literature', 'sentiment': 0.5, 'keyword_mentioned': 'none', 'message_length': 38}
2025-09-24 00:11:34 | INFO | {'message': 'me behind the arras, and there heard it agreed upon that the Prince should', 'author': 'beatrice', 'timestamp': '2025-09-24 00:11:34', 'category': 'literature', 'sentiment': 0.5, 'keyword_mentioned': 'none', 'message_length': 74}
2025-09-24 00:11:39 | INFO | {'message': 'That I neither feel how she should be loved, nor know how she', 'author': 'messenger', 'timestamp': '2025-09-24 00:11:39', 'category': 'literature', 'sentiment': 0.5, 'keyword_mentioned': 'none', 'message_length': 61}
2025-09-24 00:11:44 | INFO | {'message': 'I came yonder from a great supper: the Prince your brother is', 'author': 'benedick', 'timestamp': '2025-09-24 00:11:44', 'category': 'literature', 'sentiment': 0.5, 'keyword_mentioned': 'none', 'message_length': 61}
2025-09-24 00:11:49 | INFO | {'message': 'Than to drive liking to the name of love;', 'author': 'don pedro', 'timestamp': '2025-09-24 00:11:49', 'category': 'literature', 'sentiment': 1.0, 'keyword_mentioned': 'none', 'message_length': 41}
2025-09-24 00:11:54 | INFO | {'message': 'Were you in doubt, sir, that you asked her?', 'author': 'messenger', 'timestamp': '2025-09-24 00:11:54', 'category': 'literature', 'sentiment': 0.5, 'keyword_mentioned': 'none', 'message_length': 43}
2025-09-24 00:11:59 | INFO | {'message': 'And tire the hearer with a book of words.', 'author': 'leonato', 'timestamp': '2025-09-24 00:11:59', 'category': 'literature', 'sentiment': 0.5, 'keyword_mentioned': 'none', 'message_length': 41}
2025-09-24 00:12:04 | INFO | {'message': 'an answer, if peradventure this be true. Go you and tell her of it.', 'author': 'leonato', 'timestamp': '2025-09-24 00:12:04', 'category': 'literature', 'sentiment': 0.5, 'keyword_mentioned': 'none', 'message_length': 67}
2025-09-24 00:12:09 | INFO | {'message': 'Her mother hath many times told me so.', 'author': 'benedick', 'timestamp': '2025-09-24 00:12:09', 'category': 'literature', 'sentiment': 0.5, 'keyword_mentioned': 'none', 'message_length': 38}
2025-09-24 00:12:14 | INFO | {'message': 'No child but Hero; she’s his only heir. Dost thou affect her, Claudio?', 'author': 'borachio', 'timestamp': '2025-09-24 00:12:14', 'category': 'literature', 'sentiment': 0.5, 'keyword_mentioned': 'none', 'message_length': 70}
2025-09-24 00:12:19 | INFO | {'message': 'Cousins, you know what you have to do. O! I cry you mercy, friend; go you', 'author': 'claudio', 'timestamp': '2025-09-24 00:12:19', 'category': 'literature', 'sentiment': 0.5, 'keyword_mentioned': 'none', 'message_length': 73}
2025-09-24 00:12:24 | INFO | {'message': 'And strong encounter of my amorous tale:', 'author': 'leonato', 'timestamp': '2025-09-24 00:12:24', 'category': 'literature', 'sentiment': 0.5, 'keyword_mentioned': 'none', 'message_length': 40}
2025-09-24 00:12:29 | INFO | {'message': 'other shall scape a predestinate scratched face.', 'author': 'leonato', 'timestamp': '2025-09-24 00:12:29', 'category': 'literature', 'sentiment': 0.5, 'keyword_mentioned': 'none', 'message_length': 48}
2025-09-24 00:12:34 | INFO | {'message': 'That she is worthy, I know.', 'author': 'don pedro', 'timestamp': '2025-09-24 00:12:34', 'category': 'literature', 'sentiment': 1.0, 'keyword_mentioned': 'none', 'message_length': 27}
2025-09-24 00:12:39 | INFO | {'message': 'And never could maintain his part but in the force of his will.', 'author': 'don pedro', 'timestamp': '2025-09-24 00:12:39', 'category': 'literature', 'sentiment': 0.5, 'keyword_mentioned': 'none', 'message_length': 63}
2025-09-24 00:12:44 | INFO | {'message': 'I will hold friends with you, lady.', 'author': 'benedick', 'timestamp': '2025-09-24 00:12:44', 'category': 'literature', 'sentiment': 0.5, 'keyword_mentioned': 'none', 'message_length': 35}
2025-09-24 00:12:49 | INFO | {'message': 'ere you flout old ends any further, examine your conscience: and so I', 'author': 'don john', 'timestamp': '2025-09-24 00:12:49', 'category': 'literature', 'sentiment': 0.5, 'keyword_mentioned': 'none', 'message_length': 69}
2025-09-24 00:12:54 | INFO | {'message': 'weeping!', 'author': 'claudio', 'timestamp': '2025-09-24 00:12:54', 'category': 'literature', 'sentiment': 0.5, 'keyword_mentioned': 'none', 'message_length': 8}
2025-09-24 00:12:59 | INFO | {'message': 'You hear, Count Claudio: I can be secret as a dumb man; I would', 'author': 'benedick', 'timestamp': '2025-09-24 00:12:59', 'category': 'literature', 'sentiment': 0.5, 'keyword_mentioned': 'none', 'message_length': 63}
2025-09-24 00:13:04 | INFO | {'message': 'What the good-year, my lord! why are you thus out of measure sad?', 'author': 'claudio', 'timestamp': '2025-09-24 00:13:04', 'category': 'literature', 'sentiment': 0.0, 'keyword_mentioned': 'none', 'message_length': 65}
2025-09-24 00:13:09 | INFO | {'message': 'Hath Leonato any son, my lord?', 'author': 'benedick', 'timestamp': '2025-09-24 00:13:09', 'category': 'literature', 'sentiment': 0.5, 'keyword_mentioned': 'none', 'message_length': 30}
2025-09-24 00:13:14 | INFO | {'message': 'neck into a yoke, wear the print of it and sigh away Sundays.', 'author': 'don pedro', 'timestamp': '2025-09-24 00:13:14', 'category': 'literature', 'sentiment': 0.5, 'keyword_mentioned': 'none', 'message_length': 61}
2025-09-24 00:13:19 | INFO | {'message': 'I would your Grace would constrain me to tell.', 'author': 'beatrice', 'timestamp': '2025-09-24 00:13:19', 'category': 'literature', 'sentiment': 1.0, 'keyword_mentioned': 'none', 'message_length': 46}
2025-09-24 00:13:24 | INFO | {'message': 'of threescore again? Go to, i’ faith; and thou wilt needs thrust thy', 'author': 'leonato', 'timestamp': '2025-09-24 00:13:24', 'category': 'literature', 'sentiment': 0.5, 'keyword_mentioned': 'none', 'message_length': 68}
2025-09-24 00:13:29 | INFO | {'message': 'Come, come; let us thither: this may prove food to my', 'author': 'beatrice', 'timestamp': '2025-09-24 00:13:29', 'category': 'literature', 'sentiment': 0.5, 'keyword_mentioned': 'none', 'message_length': 53}
2025-09-24 00:13:34 | INFO | {'message': 'detain us longer: I dare swear he is no hypocrite, but prays from his', 'author': 'leonato', 'timestamp': '2025-09-24 00:13:34', 'category': 'literature', 'sentiment': 0.5, 'keyword_mentioned': 'none', 'message_length': 69}
2025-09-24 00:13:39 | INFO | {'message': 'I would my horse had the speed of your tongue, and so good a', 'author': 'leonato', 'timestamp': '2025-09-24 00:13:39', 'category': 'literature', 'sentiment': 1.0, 'keyword_mentioned': 'none', 'message_length': 60}
2025-09-24 00:13:44 | INFO | {'message': 'Look, what will serve is fit: ’tis once, thou lov’st,', 'author': 'borachio', 'timestamp': '2025-09-24 00:13:44', 'category': 'literature', 'sentiment': 0.5, 'keyword_mentioned': 'none', 'message_length': 53}
2025-09-24 00:13:49 | INFO | {'message': 'may see Benedick the married man.’', 'author': 'benedick', 'timestamp': '2025-09-24 00:13:49', 'category': 'literature', 'sentiment': 0.5, 'keyword_mentioned': 'none', 'message_length': 34}
2025-09-24 00:13:54 | INFO | {'message': 'you come in her presence.', 'author': 'messenger', 'timestamp': '2025-09-24 00:13:54', 'category': 'literature', 'sentiment': 0.5, 'keyword_mentioned': 'none', 'message_length': 25}
2025-09-24 00:13:59 | INFO | {'message': 'pound ere he be cured.', 'author': 'don john', 'timestamp': '2025-09-24 00:13:59', 'category': 'literature', 'sentiment': 0.5, 'keyword_mentioned': 'none', 'message_length': 22}
2025-09-24 00:14:04 | INFO | {'message': 'You must not, sir, mistake my niece. There is a kind of merry war', 'author': 'benedick', 'timestamp': '2025-09-24 00:14:04', 'category': 'literature', 'sentiment': 1.0, 'keyword_mentioned': 'none', 'message_length': 65}
2025-09-24 00:14:06 | WARNING | Producer interrupted by user.
2025-09-24 00:14:06 | INFO | Producer shutting down.
