2025-09-23 20:24:25 | INFO | {'message': 'I just loved an app! It was boring.', 'author': 'Bob', 'timestamp': '2025-09-23 20:24:25', 'category': 'other', 'sentiment': 0.64, 'keyword_mentioned': 'other', 'message_length': 35}
2025-09-23 20:24:25 | INFO | Called process_message() with:
2025-09-23 20:24:25 | INFO |    message={'message': 'I just loved an app! It was boring.', 'author': 'Bob', 'timestamp': '2025-09-23 20:24:25', 'category': 'other', 'sentiment': 0.64, 'keyword_mentioned': 'other', 'message_length': 35}
2025-09-23 20:24:25 | INFO | Processed message: {'message': 'I just loved an app! It was boring.', 'author': 'Bob', 'timestamp': '2025-09-23 20:24:25', 'category': 'other', 'sentiment': 0.64, 'keyword_mentioned': 'other', 'message_length': 35}
2025-09-23 20:24:25 | INFO | Calling SQLite insert_message() with:
2025-09-23 20:24:25 | INFO | message={'message': 'I just loved an app! It was boring.', 'author': 'Bob', 'timestamp': '2025-09-23 20:24:25', 'category': 'other', 'sentiment': 0.64, 'keyword_mentioned': 'other', 'message_length': 35}
2025-09-23 20:24:25 | INFO | db_path=WindowsPath('C:/Projects/buzzline-05-data-git-hub/data/buzz.sqlite')
2025-09-23 20:24:25 | INFO | Inserted one message into the database.
2025-09-23 20:24:30 | INFO | {'message': 'I just loved an app! It was amazing.', 'author': 'Eve', 'timestamp': '2025-09-23 20:24:30', 'category': 'other', 'sentiment': 0.79, 'keyword_mentioned': 'other', 'message_length': 36}
2025-09-23 20:24:30 | INFO | Called process_message() with:
2025-09-23 20:24:30 | INFO |    message={'message': 'I just loved an app! It was amazing.', 'author': 'Eve', 'timestamp': '2025-09-23 20:24:30', 'category': 'other', 'sentiment': 0.79, 'keyword_mentioned': 'other', 'message_length': 36}
2025-09-23 20:24:30 | INFO | Processed message: {'message': 'I just loved an app! It was amazing.', 'author': 'Eve', 'timestamp': '2025-09-23 20:24:30', 'category': 'other', 'sentiment': 0.79, 'keyword_mentioned': 'other', 'message_length': 36}
2025-09-23 20:24:30 | INFO | Calling SQLite insert_message() with:
2025-09-23 20:24:30 | INFO | message={'message': 'I just loved an app! It was amazing.', 'author': 'Eve', 'timestamp': '2025-09-23 20:24:30', 'category': 'other', 'sentiment': 0.79, 'keyword_mentioned': 'other', 'message_length': 36}
2025-09-23 20:24:30 | INFO | db_path=WindowsPath('C:/Projects/buzzline-05-data-git-hub/data/buzz.sqlite')
2025-09-23 20:24:30 | INFO | Inserted one message into the database.
2025-09-23 20:24:35 | INFO | {'message': 'I just loved recipe! It was exciting.', 'author': 'Bob', 'timestamp': '2025-09-23 20:24:35', 'category': 'food', 'sentiment': 0.28, 'keyword_mentioned': 'recipe', 'message_length': 37}
2025-09-23 20:24:35 | INFO | Called process_message() with:
2025-09-23 20:24:35 | INFO |    message={'message': 'I just loved recipe! It was exciting.', 'author': 'Bob', 'timestamp': '2025-09-23 20:24:35', 'category': 'food', 'sentiment': 0.28, 'keyword_mentioned': 'recipe', 'message_length': 37}
2025-09-23 20:24:35 | INFO | Processed message: {'message': 'I just loved recipe! It was exciting.', 'author': 'Bob', 'timestamp': '2025-09-23 20:24:35', 'category': 'food', 'sentiment': 0.28, 'keyword_mentioned': 'recipe', 'message_length': 37}
2025-09-23 20:24:35 | INFO | Calling SQLite insert_message() with:
2025-09-23 20:24:35 | INFO | message={'message': 'I just loved recipe! It was exciting.', 'author': 'Bob', 'timestamp': '2025-09-23 20:24:35', 'category': 'food', 'sentiment': 0.28, 'keyword_mentioned': 'recipe', 'message_length': 37}
2025-09-23 20:24:35 | INFO | db_path=WindowsPath('C:/Projects/buzzline-05-data-git-hub/data/buzz.sqlite')
2025-09-23 20:24:35 | INFO | Inserted one message into the database.
2025-09-23 20:24:40 | INFO | {'message': 'I just tried travel! It was exciting.', 'author': 'Eve', 'timestamp': '2025-09-23 20:24:40', 'category': 'travel', 'sentiment': 0.35, 'keyword_mentioned': 'travel', 'message_length': 37}
2025-09-23 20:24:40 | INFO | Called process_message() with:
2025-09-23 20:24:40 | INFO |    message={'message': 'I just tried travel! It was exciting.', 'author': 'Eve', 'timestamp': '2025-09-23 20:24:40', 'category': 'travel', 'sentiment': 0.35, 'keyword_mentioned': 'travel', 'message_length': 37}
2025-09-23 20:24:40 | INFO | Processed message: {'message': 'I just tried travel! It was exciting.', 'author': 'Eve', 'timestamp': '2025-09-23 20:24:40', 'category': 'travel', 'sentiment': 0.35, 'keyword_mentioned': 'travel', 'message_length': 37}
2025-09-23 20:24:40 | INFO | Calling SQLite insert_message() with:
2025-09-23 20:24:40 | INFO | message={'message': 'I just tried travel! It was exciting.', 'author': 'Eve', 'timestamp': '2025-09-23 20:24:40', 'category': 'travel', 'sentiment': 0.35, 'keyword_mentioned': 'travel', 'message_length': 37}
2025-09-23 20:24:40 | INFO | db_path=WindowsPath('C:/Projects/buzzline-05-data-git-hub/data/buzz.sqlite')
2025-09-23 20:24:40 | INFO | Inserted one message into the database.
2025-09-23 20:24:45 | INFO | {'message': 'I just loved travel! It was exciting.', 'author': 'Alice', 'timestamp': '2025-09-23 20:24:45', 'category': 'travel', 'sentiment': 0.6, 'keyword_mentioned': 'travel', 'message_length': 37}
2025-09-23 20:24:45 | INFO | Called process_message() with:
2025-09-23 20:24:45 | INFO |    message={'message': 'I just loved travel! It was exciting.', 'author': 'Alice', 'timestamp': '2025-09-23 20:24:45', 'category': 'travel', 'sentiment': 0.6, 'keyword_mentioned': 'travel', 'message_length': 37}
2025-09-23 20:24:45 | INFO | Processed message: {'message': 'I just loved travel! It was exciting.', 'author': 'Alice', 'timestamp': '2025-09-23 20:24:45', 'category': 'travel', 'sentiment': 0.6, 'keyword_mentioned': 'travel', 'message_length': 37}
2025-09-23 20:24:45 | INFO | Calling SQLite insert_message() with:
2025-09-23 20:24:45 | INFO | message={'message': 'I just loved travel! It was exciting.', 'author': 'Alice', 'timestamp': '2025-09-23 20:24:45', 'category': 'travel', 'sentiment': 0.6, 'keyword_mentioned': 'travel', 'message_length': 37}
2025-09-23 20:24:45 | INFO | db_path=WindowsPath('C:/Projects/buzzline-05-data-git-hub/data/buzz.sqlite')
2025-09-23 20:24:45 | INFO | Inserted one message into the database.
2025-09-23 20:24:50 | INFO | {'message': 'I just shared recipe! It was boring.', 'author': 'Bob', 'timestamp': '2025-09-23 20:24:50', 'category': 'food', 'sentiment': 0.74, 'keyword_mentioned': 'recipe', 'message_length': 36}
2025-09-23 20:24:50 | INFO | Called process_message() with:
2025-09-23 20:24:50 | INFO |    message={'message': 'I just shared recipe! It was boring.', 'author': 'Bob', 'timestamp': '2025-09-23 20:24:50', 'category': 'food', 'sentiment': 0.74, 'keyword_mentioned': 'recipe', 'message_length': 36}
2025-09-23 20:24:50 | INFO | Processed message: {'message': 'I just shared recipe! It was boring.', 'author': 'Bob', 'timestamp': '2025-09-23 20:24:50', 'category': 'food', 'sentiment': 0.74, 'keyword_mentioned': 'recipe', 'message_length': 36}
2025-09-23 20:24:50 | INFO | Calling SQLite insert_message() with:
2025-09-23 20:24:50 | INFO | message={'message': 'I just shared recipe! It was boring.', 'author': 'Bob', 'timestamp': '2025-09-23 20:24:50', 'category': 'food', 'sentiment': 0.74, 'keyword_mentioned': 'recipe', 'message_length': 36}
2025-09-23 20:24:50 | INFO | db_path=WindowsPath('C:/Projects/buzzline-05-data-git-hub/data/buzz.sqlite')
2025-09-23 20:24:50 | INFO | Inserted one message into the database.
2025-09-23 20:24:55 | INFO | {'message': 'I just loved a meme! It was funny.', 'author': 'Eve', 'timestamp': '2025-09-23 20:24:55', 'category': 'humor', 'sentiment': 0.77, 'keyword_mentioned': 'meme', 'message_length': 34}
2025-09-23 20:24:55 | INFO | Called process_message() with:
2025-09-23 20:24:55 | INFO |    message={'message': 'I just loved a meme! It was funny.', 'author': 'Eve', 'timestamp': '2025-09-23 20:24:55', 'category': 'humor', 'sentiment': 0.77, 'keyword_mentioned': 'meme', 'message_length': 34}
2025-09-23 20:24:55 | INFO | Processed message: {'message': 'I just loved a meme! It was funny.', 'author': 'Eve', 'timestamp': '2025-09-23 20:24:55', 'category': 'humor', 'sentiment': 0.77, 'keyword_mentioned': 'meme', 'message_length': 34}
2025-09-23 20:24:55 | INFO | Calling SQLite insert_message() with:
2025-09-23 20:24:55 | INFO | message={'message': 'I just loved a meme! It was funny.', 'author': 'Eve', 'timestamp': '2025-09-23 20:24:55', 'category': 'humor', 'sentiment': 0.77, 'keyword_mentioned': 'meme', 'message_length': 34}
2025-09-23 20:24:55 | INFO | db_path=WindowsPath('C:/Projects/buzzline-05-data-git-hub/data/buzz.sqlite')
2025-09-23 20:24:55 | INFO | Inserted one message into the database.
2025-09-23 20:25:00 | INFO | {'message': 'I just shared JavaScript! It was weird.', 'author': 'Alice', 'timestamp': '2025-09-23 20:25:00', 'category': 'tech', 'sentiment': 0.89, 'keyword_mentioned': 'JavaScript', 'message_length': 39}
2025-09-23 20:25:00 | INFO | Called process_message() with:
2025-09-23 20:25:00 | INFO |    message={'message': 'I just shared JavaScript! It was weird.', 'author': 'Alice', 'timestamp': '2025-09-23 20:25:00', 'category': 'tech', 'sentiment': 0.89, 'keyword_mentioned': 'JavaScript', 'message_length': 39}
2025-09-23 20:25:00 | INFO | Processed message: {'message': 'I just shared JavaScript! It was weird.', 'author': 'Alice', 'timestamp': '2025-09-23 20:25:00', 'category': 'tech', 'sentiment': 0.89, 'keyword_mentioned': 'JavaScript', 'message_length': 39}
2025-09-23 20:25:00 | INFO | Calling SQLite insert_message() with:
2025-09-23 20:25:00 | INFO | message={'message': 'I just shared JavaScript! It was weird.', 'author': 'Alice', 'timestamp': '2025-09-23 20:25:00', 'category': 'tech', 'sentiment': 0.89, 'keyword_mentioned': 'JavaScript', 'message_length': 39}
2025-09-23 20:25:00 | INFO | db_path=WindowsPath('C:/Projects/buzzline-05-data-git-hub/data/buzz.sqlite')
2025-09-23 20:25:00 | INFO | Inserted one message into the database.
2025-09-23 20:25:05 | INFO | {'message': 'I just saw JavaScript! It was weird.', 'author': 'Alice', 'timestamp': '2025-09-23 20:25:05', 'category': 'tech', 'sentiment': 0.9, 'keyword_mentioned': 'JavaScript', 'message_length': 36}
2025-09-23 20:25:05 | INFO | Called process_message() with:
2025-09-23 20:25:05 | INFO |    message={'message': 'I just saw JavaScript! It was weird.', 'author': 'Alice', 'timestamp': '2025-09-23 20:25:05', 'category': 'tech', 'sentiment': 0.9, 'keyword_mentioned': 'JavaScript', 'message_length': 36}
2025-09-23 20:25:05 | INFO | Processed message: {'message': 'I just saw JavaScript! It was weird.', 'author': 'Alice', 'timestamp': '2025-09-23 20:25:05', 'category': 'tech', 'sentiment': 0.9, 'keyword_mentioned': 'JavaScript', 'message_length': 36}
2025-09-23 20:25:05 | INFO | Calling SQLite insert_message() with:
2025-09-23 20:25:05 | INFO | message={'message': 'I just saw JavaScript! It was weird.', 'author': 'Alice', 'timestamp': '2025-09-23 20:25:05', 'category': 'tech', 'sentiment': 0.9, 'keyword_mentioned': 'JavaScript', 'message_length': 36}
2025-09-23 20:25:05 | INFO | db_path=WindowsPath('C:/Projects/buzzline-05-data-git-hub/data/buzz.sqlite')
2025-09-23 20:25:05 | INFO | Inserted one message into the database.
2025-09-23 20:25:10 | INFO | {'message': 'I just shared game! It was weird.', 'author': 'Eve', 'timestamp': '2025-09-23 20:25:10', 'category': 'gaming', 'sentiment': 0.51, 'keyword_mentioned': 'game', 'message_length': 33}
2025-09-23 20:25:10 | INFO | Called process_message() with:
2025-09-23 20:25:10 | INFO |    message={'message': 'I just shared game! It was weird.', 'author': 'Eve', 'timestamp': '2025-09-23 20:25:10', 'category': 'gaming', 'sentiment': 0.51, 'keyword_mentioned': 'game', 'message_length': 33}
2025-09-23 20:25:10 | INFO | Processed message: {'message': 'I just shared game! It was weird.', 'author': 'Eve', 'timestamp': '2025-09-23 20:25:10', 'category': 'gaming', 'sentiment': 0.51, 'keyword_mentioned': 'game', 'message_length': 33}
2025-09-23 20:25:10 | INFO | Calling SQLite insert_message() with:
2025-09-23 20:25:10 | INFO | message={'message': 'I just shared game! It was weird.', 'author': 'Eve', 'timestamp': '2025-09-23 20:25:10', 'category': 'gaming', 'sentiment': 0.51, 'keyword_mentioned': 'game', 'message_length': 33}
2025-09-23 20:25:10 | INFO | db_path=WindowsPath('C:/Projects/buzzline-05-data-git-hub/data/buzz.sqlite')
2025-09-23 20:25:10 | INFO | Inserted one message into the database.
2025-09-23 20:25:15 | INFO | {'message': 'I just found a trick! It was weird.', 'author': 'Eve', 'timestamp': '2025-09-23 20:25:15', 'category': 'other', 'sentiment': 0.41, 'keyword_mentioned': 'other', 'message_length': 35}
2025-09-23 20:25:15 | INFO | Called process_message() with:
2025-09-23 20:25:15 | INFO |    message={'message': 'I just found a trick! It was weird.', 'author': 'Eve', 'timestamp': '2025-09-23 20:25:15', 'category': 'other', 'sentiment': 0.41, 'keyword_mentioned': 'other', 'message_length': 35}
2025-09-23 20:25:15 | INFO | Processed message: {'message': 'I just found a trick! It was weird.', 'author': 'Eve', 'timestamp': '2025-09-23 20:25:15', 'category': 'other', 'sentiment': 0.41, 'keyword_mentioned': 'other', 'message_length': 35}
2025-09-23 20:25:15 | INFO | Calling SQLite insert_message() with:
2025-09-23 20:25:15 | INFO | message={'message': 'I just found a trick! It was weird.', 'author': 'Eve', 'timestamp': '2025-09-23 20:25:15', 'category': 'other', 'sentiment': 0.41, 'keyword_mentioned': 'other', 'message_length': 35}
2025-09-23 20:25:15 | INFO | db_path=WindowsPath('C:/Projects/buzzline-05-data-git-hub/data/buzz.sqlite')
2025-09-23 20:25:15 | INFO | Inserted one message into the database.
2025-09-23 20:25:20 | INFO | {'message': 'I just saw travel! It was funny.', 'author': 'Bob', 'timestamp': '2025-09-23 20:25:20', 'category': 'travel', 'sentiment': 0.37, 'keyword_mentioned': 'travel', 'message_length': 32}
2025-09-23 20:25:20 | INFO | Called process_message() with:
2025-09-23 20:25:20 | INFO |    message={'message': 'I just saw travel! It was funny.', 'author': 'Bob', 'timestamp': '2025-09-23 20:25:20', 'category': 'travel', 'sentiment': 0.37, 'keyword_mentioned': 'travel', 'message_length': 32}
2025-09-23 20:25:20 | INFO | Processed message: {'message': 'I just saw travel! It was funny.', 'author': 'Bob', 'timestamp': '2025-09-23 20:25:20', 'category': 'travel', 'sentiment': 0.37, 'keyword_mentioned': 'travel', 'message_length': 32}
2025-09-23 20:25:20 | INFO | Calling SQLite insert_message() with:
2025-09-23 20:25:20 | INFO | message={'message': 'I just saw travel! It was funny.', 'author': 'Bob', 'timestamp': '2025-09-23 20:25:20', 'category': 'travel', 'sentiment': 0.37, 'keyword_mentioned': 'travel', 'message_length': 32}
2025-09-23 20:25:20 | INFO | db_path=WindowsPath('C:/Projects/buzzline-05-data-git-hub/data/buzz.sqlite')
2025-09-23 20:25:20 | INFO | Inserted one message into the database.
2025-09-23 20:25:25 | INFO | {'message': 'I just saw a meme! It was amazing.', 'author': 'Alice', 'timestamp': '2025-09-23 20:25:25', 'category': 'humor', 'sentiment': 0.3, 'keyword_mentioned': 'meme', 'message_length': 34}
2025-09-23 20:25:25 | INFO | Called process_message() with:
2025-09-23 20:25:25 | INFO |    message={'message': 'I just saw a meme! It was amazing.', 'author': 'Alice', 'timestamp': '2025-09-23 20:25:25', 'category': 'humor', 'sentiment': 0.3, 'keyword_mentioned': 'meme', 'message_length': 34}
2025-09-23 20:25:25 | INFO | Processed message: {'message': 'I just saw a meme! It was amazing.', 'author': 'Alice', 'timestamp': '2025-09-23 20:25:25', 'category': 'humor', 'sentiment': 0.3, 'keyword_mentioned': 'meme', 'message_length': 34}
2025-09-23 20:25:25 | INFO | Calling SQLite insert_message() with:
2025-09-23 20:25:25 | INFO | message={'message': 'I just saw a meme! It was amazing.', 'author': 'Alice', 'timestamp': '2025-09-23 20:25:25', 'category': 'humor', 'sentiment': 0.3, 'keyword_mentioned': 'meme', 'message_length': 34}
2025-09-23 20:25:25 | INFO | db_path=WindowsPath('C:/Projects/buzzline-05-data-git-hub/data/buzz.sqlite')
2025-09-23 20:25:25 | INFO | Inserted one message into the database.
2025-09-23 20:25:30 | INFO | {'message': 'I just tried JavaScript! It was exciting.', 'author': 'Eve', 'timestamp': '2025-09-23 20:25:30', 'category': 'tech', 'sentiment': 0.9, 'keyword_mentioned': 'JavaScript', 'message_length': 41}
2025-09-23 20:25:30 | INFO | Called process_message() with:
2025-09-23 20:25:30 | INFO |    message={'message': 'I just tried JavaScript! It was exciting.', 'author': 'Eve', 'timestamp': '2025-09-23 20:25:30', 'category': 'tech', 'sentiment': 0.9, 'keyword_mentioned': 'JavaScript', 'message_length': 41}
2025-09-23 20:25:30 | INFO | Processed message: {'message': 'I just tried JavaScript! It was exciting.', 'author': 'Eve', 'timestamp': '2025-09-23 20:25:30', 'category': 'tech', 'sentiment': 0.9, 'keyword_mentioned': 'JavaScript', 'message_length': 41}
2025-09-23 20:25:30 | INFO | Calling SQLite insert_message() with:
2025-09-23 20:25:30 | INFO | message={'message': 'I just tried JavaScript! It was exciting.', 'author': 'Eve', 'timestamp': '2025-09-23 20:25:30', 'category': 'tech', 'sentiment': 0.9, 'keyword_mentioned': 'JavaScript', 'message_length': 41}
2025-09-23 20:25:30 | INFO | db_path=WindowsPath('C:/Projects/buzzline-05-data-git-hub/data/buzz.sqlite')
2025-09-23 20:25:30 | INFO | Inserted one message into the database.
2025-09-23 20:25:35 | INFO | {'message': 'I just found Python! It was amazing.', 'author': 'Eve', 'timestamp': '2025-09-23 20:25:35', 'category': 'tech', 'sentiment': 0.21, 'keyword_mentioned': 'Python', 'message_length': 36}
2025-09-23 20:25:35 | INFO | Called process_message() with:
2025-09-23 20:25:35 | INFO |    message={'message': 'I just found Python! It was amazing.', 'author': 'Eve', 'timestamp': '2025-09-23 20:25:35', 'category': 'tech', 'sentiment': 0.21, 'keyword_mentioned': 'Python', 'message_length': 36}
2025-09-23 20:25:35 | INFO | Processed message: {'message': 'I just found Python! It was amazing.', 'author': 'Eve', 'timestamp': '2025-09-23 20:25:35', 'category': 'tech', 'sentiment': 0.21, 'keyword_mentioned': 'Python', 'message_length': 36}
2025-09-23 20:25:35 | INFO | Calling SQLite insert_message() with:
2025-09-23 20:25:35 | INFO | message={'message': 'I just found Python! It was amazing.', 'author': 'Eve', 'timestamp': '2025-09-23 20:25:35', 'category': 'tech', 'sentiment': 0.21, 'keyword_mentioned': 'Python', 'message_length': 36}
2025-09-23 20:25:35 | INFO | db_path=WindowsPath('C:/Projects/buzzline-05-data-git-hub/data/buzz.sqlite')
2025-09-23 20:25:35 | INFO | Inserted one message into the database.
2025-09-23 20:25:40 | INFO | {'message': 'I just loved a meme! It was amazing.', 'author': 'Charlie', 'timestamp': '2025-09-23 20:25:40', 'category': 'humor', 'sentiment': 0.43, 'keyword_mentioned': 'meme', 'message_length': 36}
2025-09-23 20:25:40 | INFO | Called process_message() with:
2025-09-23 20:25:40 | INFO |    message={'message': 'I just loved a meme! It was amazing.', 'author': 'Charlie', 'timestamp': '2025-09-23 20:25:40', 'category': 'humor', 'sentiment': 0.43, 'keyword_mentioned': 'meme', 'message_length': 36}
2025-09-23 20:25:40 | INFO | Processed message: {'message': 'I just loved a meme! It was amazing.', 'author': 'Charlie', 'timestamp': '2025-09-23 20:25:40', 'category': 'humor', 'sentiment': 0.43, 'keyword_mentioned': 'meme', 'message_length': 36}
2025-09-23 20:25:40 | INFO | Calling SQLite insert_message() with:
2025-09-23 20:25:40 | INFO | message={'message': 'I just loved a meme! It was amazing.', 'author': 'Charlie', 'timestamp': '2025-09-23 20:25:40', 'category': 'humor', 'sentiment': 0.43, 'keyword_mentioned': 'meme', 'message_length': 36}
2025-09-23 20:25:40 | INFO | db_path=WindowsPath('C:/Projects/buzzline-05-data-git-hub/data/buzz.sqlite')
2025-09-23 20:25:40 | INFO | Inserted one message into the database.
2025-09-23 20:25:45 | INFO | {'message': 'I just saw a movie! It was amazing.', 'author': 'Charlie', 'timestamp': '2025-09-23 20:25:45', 'category': 'entertainment', 'sentiment': 0.4, 'keyword_mentioned': 'movie', 'message_length': 35}
2025-09-23 20:25:45 | INFO | Called process_message() with:
2025-09-23 20:25:45 | INFO |    message={'message': 'I just saw a movie! It was amazing.', 'author': 'Charlie', 'timestamp': '2025-09-23 20:25:45', 'category': 'entertainment', 'sentiment': 0.4, 'keyword_mentioned': 'movie', 'message_length': 35}
2025-09-23 20:25:45 | INFO | Processed message: {'message': 'I just saw a movie! It was amazing.', 'author': 'Charlie', 'timestamp': '2025-09-23 20:25:45', 'category': 'entertainment', 'sentiment': 0.4, 'keyword_mentioned': 'movie', 'message_length': 35}
2025-09-23 20:25:45 | INFO | Calling SQLite insert_message() with:
2025-09-23 20:25:45 | INFO | message={'message': 'I just saw a movie! It was amazing.', 'author': 'Charlie', 'timestamp': '2025-09-23 20:25:45', 'category': 'entertainment', 'sentiment': 0.4, 'keyword_mentioned': 'movie', 'message_length': 35}
2025-09-23 20:25:45 | INFO | db_path=WindowsPath('C:/Projects/buzzline-05-data-git-hub/data/buzz.sqlite')
2025-09-23 20:25:45 | INFO | Inserted one message into the database.
2025-09-23 20:25:50 | INFO | {'message': 'I just found a movie! It was amazing.', 'author': 'Charlie', 'timestamp': '2025-09-23 20:25:50', 'category': 'entertainment', 'sentiment': 0.35, 'keyword_mentioned': 'movie', 'message_length': 37}
2025-09-23 20:25:50 | INFO | Called process_message() with:
2025-09-23 20:25:50 | INFO |    message={'message': 'I just found a movie! It was amazing.', 'author': 'Charlie', 'timestamp': '2025-09-23 20:25:50', 'category': 'entertainment', 'sentiment': 0.35, 'keyword_mentioned': 'movie', 'message_length': 37}
2025-09-23 20:25:50 | INFO | Processed message: {'message': 'I just found a movie! It was amazing.', 'author': 'Charlie', 'timestamp': '2025-09-23 20:25:50', 'category': 'entertainment', 'sentiment': 0.35, 'keyword_mentioned': 'movie', 'message_length': 37}
2025-09-23 20:25:50 | INFO | Calling SQLite insert_message() with:
2025-09-23 20:25:50 | INFO | message={'message': 'I just found a movie! It was amazing.', 'author': 'Charlie', 'timestamp': '2025-09-23 20:25:50', 'category': 'entertainment', 'sentiment': 0.35, 'keyword_mentioned': 'movie', 'message_length': 37}
2025-09-23 20:25:50 | INFO | db_path=WindowsPath('C:/Projects/buzzline-05-data-git-hub/data/buzz.sqlite')
2025-09-23 20:25:50 | INFO | Inserted one message into the database.
2025-09-23 20:25:55 | INFO | {'message': 'I just tried Python! It was weird.', 'author': 'Charlie', 'timestamp': '2025-09-23 20:25:55', 'category': 'tech', 'sentiment': 0.43, 'keyword_mentioned': 'Python', 'message_length': 34}
2025-09-23 20:25:55 | INFO | Called process_message() with:
2025-09-23 20:25:55 | INFO |    message={'message': 'I just tried Python! It was weird.', 'author': 'Charlie', 'timestamp': '2025-09-23 20:25:55', 'category': 'tech', 'sentiment': 0.43, 'keyword_mentioned': 'Python', 'message_length': 34}
2025-09-23 20:25:55 | INFO | Processed message: {'message': 'I just tried Python! It was weird.', 'author': 'Charlie', 'timestamp': '2025-09-23 20:25:55', 'category': 'tech', 'sentiment': 0.43, 'keyword_mentioned': 'Python', 'message_length': 34}
2025-09-23 20:25:55 | INFO | Calling SQLite insert_message() with:
2025-09-23 20:25:55 | INFO | message={'message': 'I just tried Python! It was weird.', 'author': 'Charlie', 'timestamp': '2025-09-23 20:25:55', 'category': 'tech', 'sentiment': 0.43, 'keyword_mentioned': 'Python', 'message_length': 34}
2025-09-23 20:25:55 | INFO | db_path=WindowsPath('C:/Projects/buzzline-05-data-git-hub/data/buzz.sqlite')
2025-09-23 20:25:55 | INFO | Inserted one message into the database.
2025-09-23 20:26:00 | INFO | {'message': 'I just loved travel! It was weird.', 'author': 'Eve', 'timestamp': '2025-09-23 20:26:00', 'category': 'travel', 'sentiment': 0.72, 'keyword_mentioned': 'travel', 'message_length': 34}
2025-09-23 20:26:00 | INFO | Called process_message() with:
2025-09-23 20:26:00 | INFO |    message={'message': 'I just loved travel! It was weird.', 'author': 'Eve', 'timestamp': '2025-09-23 20:26:00', 'category': 'travel', 'sentiment': 0.72, 'keyword_mentioned': 'travel', 'message_length': 34}
2025-09-23 20:26:00 | INFO | Processed message: {'message': 'I just loved travel! It was weird.', 'author': 'Eve', 'timestamp': '2025-09-23 20:26:00', 'category': 'travel', 'sentiment': 0.72, 'keyword_mentioned': 'travel', 'message_length': 34}
2025-09-23 20:26:00 | INFO | Calling SQLite insert_message() with:
2025-09-23 20:26:00 | INFO | message={'message': 'I just loved travel! It was weird.', 'author': 'Eve', 'timestamp': '2025-09-23 20:26:00', 'category': 'travel', 'sentiment': 0.72, 'keyword_mentioned': 'travel', 'message_length': 34}
2025-09-23 20:26:00 | INFO | db_path=WindowsPath('C:/Projects/buzzline-05-data-git-hub/data/buzz.sqlite')
2025-09-23 20:26:00 | INFO | Inserted one message into the database.
2025-09-23 20:26:05 | INFO | {'message': 'I just loved JavaScript! It was amazing.', 'author': 'Charlie', 'timestamp': '2025-09-23 20:26:05', 'category': 'tech', 'sentiment': 0.39, 'keyword_mentioned': 'JavaScript', 'message_length': 40}
2025-09-23 20:26:05 | INFO | Called process_message() with:
2025-09-23 20:26:05 | INFO |    message={'message': 'I just loved JavaScript! It was amazing.', 'author': 'Charlie', 'timestamp': '2025-09-23 20:26:05', 'category': 'tech', 'sentiment': 0.39, 'keyword_mentioned': 'JavaScript', 'message_length': 40}
2025-09-23 20:26:05 | INFO | Processed message: {'message': 'I just loved JavaScript! It was amazing.', 'author': 'Charlie', 'timestamp': '2025-09-23 20:26:05', 'category': 'tech', 'sentiment': 0.39, 'keyword_mentioned': 'JavaScript', 'message_length': 40}
2025-09-23 20:26:05 | INFO | Calling SQLite insert_message() with:
2025-09-23 20:26:05 | INFO | message={'message': 'I just loved JavaScript! It was amazing.', 'author': 'Charlie', 'timestamp': '2025-09-23 20:26:05', 'category': 'tech', 'sentiment': 0.39, 'keyword_mentioned': 'JavaScript', 'message_length': 40}
2025-09-23 20:26:05 | INFO | db_path=WindowsPath('C:/Projects/buzzline-05-data-git-hub/data/buzz.sqlite')
2025-09-23 20:26:05 | INFO | Inserted one message into the database.
2025-09-23 20:26:10 | INFO | {'message': 'I just loved a trick! It was funny.', 'author': 'Eve', 'timestamp': '2025-09-23 20:26:10', 'category': 'other', 'sentiment': 0.17, 'keyword_mentioned': 'other', 'message_length': 35}
2025-09-23 20:26:10 | INFO | Called process_message() with:
2025-09-23 20:26:10 | INFO |    message={'message': 'I just loved a trick! It was funny.', 'author': 'Eve', 'timestamp': '2025-09-23 20:26:10', 'category': 'other', 'sentiment': 0.17, 'keyword_mentioned': 'other', 'message_length': 35}
2025-09-23 20:26:10 | INFO | Processed message: {'message': 'I just loved a trick! It was funny.', 'author': 'Eve', 'timestamp': '2025-09-23 20:26:10', 'category': 'other', 'sentiment': 0.17, 'keyword_mentioned': 'other', 'message_length': 35}
2025-09-23 20:26:10 | INFO | Calling SQLite insert_message() with:
2025-09-23 20:26:10 | INFO | message={'message': 'I just loved a trick! It was funny.', 'author': 'Eve', 'timestamp': '2025-09-23 20:26:10', 'category': 'other', 'sentiment': 0.17, 'keyword_mentioned': 'other', 'message_length': 35}
2025-09-23 20:26:10 | INFO | db_path=WindowsPath('C:/Projects/buzzline-05-data-git-hub/data/buzz.sqlite')
2025-09-23 20:26:10 | INFO | Inserted one message into the database.
2025-09-23 20:26:15 | INFO | {'message': 'I just tried a trick! It was amazing.', 'author': 'Eve', 'timestamp': '2025-09-23 20:26:15', 'category': 'other', 'sentiment': 0.39, 'keyword_mentioned': 'other', 'message_length': 37}
2025-09-23 20:26:15 | INFO | Called process_message() with:
2025-09-23 20:26:15 | INFO |    message={'message': 'I just tried a trick! It was amazing.', 'author': 'Eve', 'timestamp': '2025-09-23 20:26:15', 'category': 'other', 'sentiment': 0.39, 'keyword_mentioned': 'other', 'message_length': 37}
2025-09-23 20:26:15 | INFO | Processed message: {'message': 'I just tried a trick! It was amazing.', 'author': 'Eve', 'timestamp': '2025-09-23 20:26:15', 'category': 'other', 'sentiment': 0.39, 'keyword_mentioned': 'other', 'message_length': 37}
2025-09-23 20:26:15 | INFO | Calling SQLite insert_message() with:
2025-09-23 20:26:15 | INFO | message={'message': 'I just tried a trick! It was amazing.', 'author': 'Eve', 'timestamp': '2025-09-23 20:26:15', 'category': 'other', 'sentiment': 0.39, 'keyword_mentioned': 'other', 'message_length': 37}
2025-09-23 20:26:15 | INFO | db_path=WindowsPath('C:/Projects/buzzline-05-data-git-hub/data/buzz.sqlite')
2025-09-23 20:26:15 | INFO | Inserted one message into the database.
2025-09-23 20:26:20 | INFO | {'message': 'I just shared recipe! It was boring.', 'author': 'Eve', 'timestamp': '2025-09-23 20:26:20', 'category': 'food', 'sentiment': 0.79, 'keyword_mentioned': 'recipe', 'message_length': 36}
2025-09-23 20:26:20 | INFO | Called process_message() with:
2025-09-23 20:26:20 | INFO |    message={'message': 'I just shared recipe! It was boring.', 'author': 'Eve', 'timestamp': '2025-09-23 20:26:20', 'category': 'food', 'sentiment': 0.79, 'keyword_mentioned': 'recipe', 'message_length': 36}
2025-09-23 20:26:20 | INFO | Processed message: {'message': 'I just shared recipe! It was boring.', 'author': 'Eve', 'timestamp': '2025-09-23 20:26:20', 'category': 'food', 'sentiment': 0.79, 'keyword_mentioned': 'recipe', 'message_length': 36}
2025-09-23 20:26:20 | INFO | Calling SQLite insert_message() with:
2025-09-23 20:26:20 | INFO | message={'message': 'I just shared recipe! It was boring.', 'author': 'Eve', 'timestamp': '2025-09-23 20:26:20', 'category': 'food', 'sentiment': 0.79, 'keyword_mentioned': 'recipe', 'message_length': 36}
2025-09-23 20:26:20 | INFO | db_path=WindowsPath('C:/Projects/buzzline-05-data-git-hub/data/buzz.sqlite')
2025-09-23 20:26:20 | INFO | Inserted one message into the database.
2025-09-23 20:26:25 | INFO | {'message': 'I just tried a story! It was funny.', 'author': 'Bob', 'timestamp': '2025-09-23 20:26:25', 'category': 'other', 'sentiment': 0.65, 'keyword_mentioned': 'other', 'message_length': 35}
2025-09-23 20:26:25 | INFO | Called process_message() with:
2025-09-23 20:26:25 | INFO |    message={'message': 'I just tried a story! It was funny.', 'author': 'Bob', 'timestamp': '2025-09-23 20:26:25', 'category': 'other', 'sentiment': 0.65, 'keyword_mentioned': 'other', 'message_length': 35}
2025-09-23 20:26:25 | INFO | Processed message: {'message': 'I just tried a story! It was funny.', 'author': 'Bob', 'timestamp': '2025-09-23 20:26:25', 'category': 'other', 'sentiment': 0.65, 'keyword_mentioned': 'other', 'message_length': 35}
2025-09-23 20:26:25 | INFO | Calling SQLite insert_message() with:
2025-09-23 20:26:25 | INFO | message={'message': 'I just tried a story! It was funny.', 'author': 'Bob', 'timestamp': '2025-09-23 20:26:25', 'category': 'other', 'sentiment': 0.65, 'keyword_mentioned': 'other', 'message_length': 35}
2025-09-23 20:26:25 | INFO | db_path=WindowsPath('C:/Projects/buzzline-05-data-git-hub/data/buzz.sqlite')
2025-09-23 20:26:25 | INFO | Inserted one message into the database.
2025-09-23 20:26:30 | INFO | {'message': 'I just saw recipe! It was boring.', 'author': 'Eve', 'timestamp': '2025-09-23 20:26:30', 'category': 'food', 'sentiment': 0.0, 'keyword_mentioned': 'recipe', 'message_length': 33}
2025-09-23 20:26:30 | INFO | Called process_message() with:
2025-09-23 20:26:30 | INFO |    message={'message': 'I just saw recipe! It was boring.', 'author': 'Eve', 'timestamp': '2025-09-23 20:26:30', 'category': 'food', 'sentiment': 0.0, 'keyword_mentioned': 'recipe', 'message_length': 33}
2025-09-23 20:26:30 | INFO | Processed message: {'message': 'I just saw recipe! It was boring.', 'author': 'Eve', 'timestamp': '2025-09-23 20:26:30', 'category': 'food', 'sentiment': 0.0, 'keyword_mentioned': 'recipe', 'message_length': 33}
2025-09-23 20:26:30 | INFO | Calling SQLite insert_message() with:
2025-09-23 20:26:30 | INFO | message={'message': 'I just saw recipe! It was boring.', 'author': 'Eve', 'timestamp': '2025-09-23 20:26:30', 'category': 'food', 'sentiment': 0.0, 'keyword_mentioned': 'recipe', 'message_length': 33}
2025-09-23 20:26:30 | INFO | db_path=WindowsPath('C:/Projects/buzzline-05-data-git-hub/data/buzz.sqlite')
2025-09-23 20:26:30 | INFO | Inserted one message into the database.
2025-09-23 20:26:35 | INFO | {'message': 'I just found an app! It was amazing.', 'author': 'Charlie', 'timestamp': '2025-09-23 20:26:35', 'category': 'other', 'sentiment': 0.17, 'keyword_mentioned': 'other', 'message_length': 36}
2025-09-23 20:26:35 | INFO | Called process_message() with:
2025-09-23 20:26:35 | INFO |    message={'message': 'I just found an app! It was amazing.', 'author': 'Charlie', 'timestamp': '2025-09-23 20:26:35', 'category': 'other', 'sentiment': 0.17, 'keyword_mentioned': 'other', 'message_length': 36}
2025-09-23 20:26:35 | INFO | Processed message: {'message': 'I just found an app! It was amazing.', 'author': 'Charlie', 'timestamp': '2025-09-23 20:26:35', 'category': 'other', 'sentiment': 0.17, 'keyword_mentioned': 'other', 'message_length': 36}
2025-09-23 20:26:35 | INFO | Calling SQLite insert_message() with:
2025-09-23 20:26:35 | INFO | message={'message': 'I just found an app! It was amazing.', 'author': 'Charlie', 'timestamp': '2025-09-23 20:26:35', 'category': 'other', 'sentiment': 0.17, 'keyword_mentioned': 'other', 'message_length': 36}
2025-09-23 20:26:35 | INFO | db_path=WindowsPath('C:/Projects/buzzline-05-data-git-hub/data/buzz.sqlite')
2025-09-23 20:26:35 | INFO | Inserted one message into the database.
2025-09-23 20:26:40 | INFO | {'message': 'I just tried a story! It was amazing.', 'author': 'Eve', 'timestamp': '2025-09-23 20:26:40', 'category': 'other', 'sentiment': 0.71, 'keyword_mentioned': 'other', 'message_length': 37}
2025-09-23 20:26:40 | INFO | Called process_message() with:
2025-09-23 20:26:40 | INFO |    message={'message': 'I just tried a story! It was amazing.', 'author': 'Eve', 'timestamp': '2025-09-23 20:26:40', 'category': 'other', 'sentiment': 0.71, 'keyword_mentioned': 'other', 'message_length': 37}
2025-09-23 20:26:40 | INFO | Processed message: {'message': 'I just tried a story! It was amazing.', 'author': 'Eve', 'timestamp': '2025-09-23 20:26:40', 'category': 'other', 'sentiment': 0.71, 'keyword_mentioned': 'other', 'message_length': 37}
2025-09-23 20:26:40 | INFO | Calling SQLite insert_message() with:
2025-09-23 20:26:40 | INFO | message={'message': 'I just tried a story! It was amazing.', 'author': 'Eve', 'timestamp': '2025-09-23 20:26:40', 'category': 'other', 'sentiment': 0.71, 'keyword_mentioned': 'other', 'message_length': 37}
2025-09-23 20:26:40 | INFO | db_path=WindowsPath('C:/Projects/buzzline-05-data-git-hub/data/buzz.sqlite')
2025-09-23 20:26:40 | INFO | Inserted one message into the database.
2025-09-23 20:26:45 | INFO | {'message': 'I just loved JavaScript! It was weird.', 'author': 'Charlie', 'timestamp': '2025-09-23 20:26:45', 'category': 'tech', 'sentiment': 0.34, 'keyword_mentioned': 'JavaScript', 'message_length': 38}
2025-09-23 20:26:45 | INFO | Called process_message() with:
2025-09-23 20:26:45 | INFO |    message={'message': 'I just loved JavaScript! It was weird.', 'author': 'Charlie', 'timestamp': '2025-09-23 20:26:45', 'category': 'tech', 'sentiment': 0.34, 'keyword_mentioned': 'JavaScript', 'message_length': 38}
2025-09-23 20:26:45 | INFO | Processed message: {'message': 'I just loved JavaScript! It was weird.', 'author': 'Charlie', 'timestamp': '2025-09-23 20:26:45', 'category': 'tech', 'sentiment': 0.34, 'keyword_mentioned': 'JavaScript', 'message_length': 38}
2025-09-23 20:26:45 | INFO | Calling SQLite insert_message() with:
2025-09-23 20:26:45 | INFO | message={'message': 'I just loved JavaScript! It was weird.', 'author': 'Charlie', 'timestamp': '2025-09-23 20:26:45', 'category': 'tech', 'sentiment': 0.34, 'keyword_mentioned': 'JavaScript', 'message_length': 38}
2025-09-23 20:26:45 | INFO | db_path=WindowsPath('C:/Projects/buzzline-05-data-git-hub/data/buzz.sqlite')
2025-09-23 20:26:45 | INFO | Inserted one message into the database.
2025-09-23 20:26:47 | WARNING | Consumer interrupted by user.
2025-09-23 20:26:47 | INFO | Consumer shutting down.
2025-09-23 20:26:50 | INFO | {'message': 'I just saw a story! It was funny.', 'author': 'Charlie', 'timestamp': '2025-09-23 20:26:50', 'category': 'other', 'sentiment': 0.89, 'keyword_mentioned': 'other', 'message_length': 33}
2025-09-23 20:26:50 | WARNING | Producer interrupted by user.
2025-09-23 20:26:50 | INFO | Kafka producer closed.
2025-09-23 20:26:50 | INFO | Producer shutting down.
2025-09-23 21:42:34 | INFO | Logging to file: logs/project_log.log
2025-09-23 21:42:34 | INFO | Log sanitization enabled, personal info removed
2025-09-23 21:42:34 | INFO | Starting Producer to run continuously.
2025-09-23 21:42:34 | INFO | Use Ctrl+C to stop.
2025-09-23 21:42:34 | INFO | MESSAGE_INTERVAL_SECONDS: 5
2025-09-23 21:42:34 | INFO | BUZZ_TOPIC: buzzline
2025-09-23 21:42:34 | INFO | KAFKA_BROKER_ADDRESS: 127.0.0.1:9092
2025-09-23 21:42:34 | INFO | BASE_DATA_DIR: PROJECT_ROOT/data
2025-09-23 21:42:34 | INFO | LIVE_DATA_PATH: PROJECT_ROOT/data/project_live.json
2025-09-23 21:42:34 | INFO | BASE_DATA_DIR: PROJECT_ROOT/data
2025-09-23 21:42:34 | INFO | SQLITE_PATH: PROJECT_ROOT/data/buzz.sqlite
2025-09-23 21:42:34 | INFO | Deleted existing live data file.
2025-09-23 21:42:34 | INFO | Kafka broker address: localhost:9092
2025-09-23 21:42:34 | INFO | Kafka is ready. Brokers: {'throttle_time_ms': 0, 'brokers': [{'node_id': 1, 'host': '127.0.0.1', 'port': 9092, 'rack': None}], 'cluster_id': 'izX4qtgsSweNTi1cWUWQEA', 'controller_id': 1}
2025-09-23 21:42:34 | INFO | Kafka producer connected to 127.0.0.1:9092
2025-09-23 21:42:34 | INFO | Kafka broker address: localhost:9092
2025-09-23 21:42:35 | INFO | Topic 'buzzline' already exists. Recreating fresh...
2025-09-23 21:42:35 | INFO | Requested deletion of topic 'buzzline'.
2025-09-23 21:42:35 | INFO | Topic 'buzzline' created successfully.
2025-09-23 21:42:35 | INFO | Kafka topic 'buzzline' is ready.
2025-09-23 21:42:35 | INFO | {'message': 'I just found game! It was weird.', 'author': 'Bob', 'timestamp': '2025-09-23 21:42:35', 'category': 'gaming', 'sentiment': 0.14, 'keyword_mentioned': 'game', 'message_length': 32}
2025-09-23 21:42:40 | INFO | {'message': 'I just loved JavaScript! It was amazing.', 'author': 'Alice', 'timestamp': '2025-09-23 21:42:40', 'category': 'tech', 'sentiment': 0.57, 'keyword_mentioned': 'JavaScript', 'message_length': 40}
2025-09-23 21:42:45 | INFO | {'message': 'I just loved a movie! It was amazing.', 'author': 'Bob', 'timestamp': '2025-09-23 21:42:45', 'category': 'entertainment', 'sentiment': 0.61, 'keyword_mentioned': 'movie', 'message_length': 37}
2025-09-23 21:42:50 | INFO | {'message': 'I just found Python! It was exciting.', 'author': 'Alice', 'timestamp': '2025-09-23 21:42:50', 'category': 'tech', 'sentiment': 0.65, 'keyword_mentioned': 'Python', 'message_length': 37}
2025-09-23 21:42:54 | INFO | Logging to file: logs/project_log.log
2025-09-23 21:42:54 | INFO | Log sanitization enabled, personal info removed
2025-09-23 21:42:54 | INFO | [consumer_data_git_hub] Starting (Kafka mode).
2025-09-23 21:42:54 | INFO | BUZZ_TOPIC: buzzline
2025-09-23 21:42:54 | INFO | BUZZ_CONSUMER_GROUP_ID: buzz_group
2025-09-23 21:42:54 | INFO | BASE_DATA_DIR: PROJECT_ROOT/data
2025-09-23 21:42:54 | INFO | SQLITE_PATH: PROJECT_ROOT/data/buzz.sqlite
2025-09-23 21:42:54 | INFO | [consumer_data_git_hub] SQLite ready at %s
2025-09-23 21:42:54 | WARNING | [consumer_data_git_hub] No reference file found; author validation will be 0.
2025-09-23 21:42:54 | WARNING | [consumer_data_git_hub] No flag words file found; keyword hits will be 0.
2025-09-23 21:42:54 | INFO | Kafka broker address: localhost:9092
2025-09-23 21:42:54 | INFO | Creating Kafka consumer. Topic='buzzline' and group ID='buzz_group'.
2025-09-23 21:42:54 | INFO | Kafka consumer created successfully.
2025-09-23 21:42:54 | INFO | [consumer_data_git_hub] Polling for messages...
2025-09-23 21:42:55 | INFO | {'message': 'I just shared Python! It was amazing.', 'author': 'Bob', 'timestamp': '2025-09-23 21:42:55', 'category': 'tech', 'sentiment': 0.03, 'keyword_mentioned': 'Python', 'message_length': 37}
2025-09-23 21:42:57 | INFO | [consumer_data_git_hub] Processed row: %s
2025-09-23 21:42:57 | INFO | [consumer_data_git_hub] Inserted one processed row.
2025-09-23 21:42:57 | INFO | [consumer_data_git_hub] Processed row: %s
2025-09-23 21:42:57 | INFO | [consumer_data_git_hub] Inserted one processed row.
2025-09-23 21:42:57 | INFO | [consumer_data_git_hub] Processed row: %s
2025-09-23 21:42:57 | INFO | [consumer_data_git_hub] Inserted one processed row.
2025-09-23 21:42:57 | INFO | [consumer_data_git_hub] Processed row: %s
2025-09-23 21:42:57 | INFO | [consumer_data_git_hub] Inserted one processed row.
2025-09-23 21:43:00 | INFO | {'message': 'I just tried JavaScript! It was weird.', 'author': 'Charlie', 'timestamp': '2025-09-23 21:43:00', 'category': 'tech', 'sentiment': 0.9, 'keyword_mentioned': 'JavaScript', 'message_length': 38}
2025-09-23 21:43:00 | INFO | [consumer_data_git_hub] Processed row: %s
2025-09-23 21:43:00 | INFO | [consumer_data_git_hub] Inserted one processed row.
2025-09-23 21:43:05 | INFO | {'message': 'I just saw Python! It was boring.', 'author': 'Charlie', 'timestamp': '2025-09-23 21:43:05', 'category': 'tech', 'sentiment': 0.78, 'keyword_mentioned': 'Python', 'message_length': 33}
2025-09-23 21:43:05 | INFO | [consumer_data_git_hub] Processed row: %s
2025-09-23 21:43:05 | INFO | [consumer_data_git_hub] Inserted one processed row.
2025-09-23 21:43:10 | INFO | {'message': 'I just saw a story! It was funny.', 'author': 'Eve', 'timestamp': '2025-09-23 21:43:10', 'category': 'other', 'sentiment': 0.83, 'keyword_mentioned': 'other', 'message_length': 33}
2025-09-23 21:43:10 | INFO | [consumer_data_git_hub] Processed row: %s
2025-09-23 21:43:10 | INFO | [consumer_data_git_hub] Inserted one processed row.
2025-09-23 21:43:15 | INFO | {'message': 'I just shared a movie! It was exciting.', 'author': 'Bob', 'timestamp': '2025-09-23 21:43:15', 'category': 'entertainment', 'sentiment': 0.55, 'keyword_mentioned': 'movie', 'message_length': 39}
2025-09-23 21:43:15 | INFO | [consumer_data_git_hub] Processed row: %s
2025-09-23 21:43:15 | INFO | [consumer_data_git_hub] Inserted one processed row.
2025-09-23 21:43:20 | INFO | {'message': 'I just loved a meme! It was weird.', 'author': 'Eve', 'timestamp': '2025-09-23 21:43:20', 'category': 'humor', 'sentiment': 0.91, 'keyword_mentioned': 'meme', 'message_length': 34}
2025-09-23 21:43:20 | INFO | [consumer_data_git_hub] Processed row: %s
2025-09-23 21:43:20 | INFO | [consumer_data_git_hub] Inserted one processed row.
2025-09-23 21:43:20 | WARNING | [consumer_data_git_hub] Interrupted by user.
2025-09-23 21:43:20 | INFO | [consumer_data_git_hub] Shutdown complete.
2025-09-23 21:43:23 | WARNING | Producer interrupted by user.
2025-09-23 21:43:23 | INFO | Kafka producer closed.
2025-09-23 21:43:23 | INFO | Producer shutting down.
2025-09-23 22:02:51 | INFO | Logging to file: logs/project_log.log
2025-09-23 22:02:51 | INFO | Log sanitization enabled, personal info removed
2025-09-23 22:02:51 | INFO | Starting Producer to run continuously.
2025-09-23 22:02:51 | INFO | Use Ctrl+C to stop.
2025-09-23 22:02:51 | INFO | MESSAGE_INTERVAL_SECONDS: 5
2025-09-23 22:02:51 | INFO | BUZZ_TOPIC: buzzline
2025-09-23 22:02:51 | INFO | KAFKA_BROKER_ADDRESS: 127.0.0.1:9092
2025-09-23 22:02:51 | INFO | BASE_DATA_DIR: PROJECT_ROOT/data
2025-09-23 22:02:51 | INFO | LIVE_DATA_PATH: PROJECT_ROOT/data/project_live.json
2025-09-23 22:02:51 | INFO | BASE_DATA_DIR: PROJECT_ROOT/data
2025-09-23 22:02:51 | INFO | SQLITE_PATH: PROJECT_ROOT/data/buzz.sqlite
2025-09-23 22:02:51 | INFO | Deleted existing live data file.
2025-09-23 22:02:51 | INFO | Kafka broker address: localhost:9092
2025-09-23 22:02:52 | INFO | Kafka is ready. Brokers: {'throttle_time_ms': 0, 'brokers': [{'node_id': 1, 'host': '127.0.0.1', 'port': 9092, 'rack': None}], 'cluster_id': 'izX4qtgsSweNTi1cWUWQEA', 'controller_id': 1}
2025-09-23 22:02:52 | INFO | Kafka producer connected to 127.0.0.1:9092
2025-09-23 22:02:52 | INFO | Kafka broker address: localhost:9092
2025-09-23 22:02:52 | INFO | Topic 'buzzline' already exists. Recreating fresh...
2025-09-23 22:02:52 | INFO | Requested deletion of topic 'buzzline'.
2025-09-23 22:02:52 | INFO | Topic 'buzzline' created successfully.
2025-09-23 22:02:52 | INFO | Kafka topic 'buzzline' is ready.
2025-09-23 22:02:52 | INFO | {'message': 'I just loved Python! It was weird.', 'author': 'Eve', 'timestamp': '2025-09-23 22:02:52', 'category': 'tech', 'sentiment': 0.2, 'keyword_mentioned': 'Python', 'message_length': 34}
2025-09-23 22:02:57 | INFO | {'message': 'I just found a meme! It was amazing.', 'author': 'Eve', 'timestamp': '2025-09-23 22:02:57', 'category': 'humor', 'sentiment': 0.26, 'keyword_mentioned': 'meme', 'message_length': 36}
2025-09-23 22:03:02 | INFO | {'message': 'I just shared JavaScript! It was boring.', 'author': 'Charlie', 'timestamp': '2025-09-23 22:03:02', 'category': 'tech', 'sentiment': 0.2, 'keyword_mentioned': 'JavaScript', 'message_length': 40}
2025-09-23 22:03:07 | INFO | {'message': 'I just shared JavaScript! It was exciting.', 'author': 'Bob', 'timestamp': '2025-09-23 22:03:07', 'category': 'tech', 'sentiment': 0.21, 'keyword_mentioned': 'JavaScript', 'message_length': 42}
2025-09-23 22:03:07 | INFO | Logging to file: logs/project_log.log
2025-09-23 22:03:07 | INFO | Log sanitization enabled, personal info removed
2025-09-23 22:03:07 | INFO | [consumer_data_git_hub] Starting (Kafka mode).
2025-09-23 22:03:07 | INFO | BUZZ_TOPIC: buzzline
2025-09-23 22:03:07 | INFO | BUZZ_CONSUMER_GROUP_ID: buzz_group
2025-09-23 22:03:07 | INFO | BASE_DATA_DIR: PROJECT_ROOT/data
2025-09-23 22:03:07 | INFO | SQLITE_PATH: PROJECT_ROOT/data/buzz.sqlite
2025-09-23 22:03:07 | INFO | [consumer_data_git_hub] SQLite ready at PROJECT_ROOT/data/buzz.sqlite
2025-09-23 22:03:07 | WARNING | [consumer_data_git_hub] No reference file found; author validation will be 0.
2025-09-23 22:03:07 | WARNING | [consumer_data_git_hub] No flag words file found; keyword alerts will never trigger.
2025-09-23 22:03:07 | INFO | Kafka broker address: localhost:9092
2025-09-23 22:03:08 | INFO | Kafka is ready. Brokers: {'throttle_time_ms': 0, 'brokers': [{'node_id': 1, 'host': '127.0.0.1', 'port': 9092, 'rack': None}], 'cluster_id': 'izX4qtgsSweNTi1cWUWQEA', 'controller_id': 1}
2025-09-23 22:03:08 | INFO | Kafka broker address: localhost:9092
2025-09-23 22:03:08 | INFO | Creating Kafka consumer. Topic='buzzline' and group ID='buzz_group'.
2025-09-23 22:03:08 | INFO | Kafka consumer created successfully.
2025-09-23 22:03:08 | INFO | [consumer_data_git_hub] Polling for messages...
2025-09-23 22:03:11 | INFO | [consumer_data_git_hub] Processed row: {'src_timestamp': '2025-09-23 22:02:52', 'author': 'Eve', 'message': 'I just loved Python! It was weird.', 'author_message_valid': 0, 'keyword_hit_count': 0, 'keywords_hit': ''}
2025-09-23 22:03:11 | INFO | [consumer_data_git_hub] Inserted one processed row.
2025-09-23 22:03:11 | INFO | [consumer_data_git_hub] Processed row: {'src_timestamp': '2025-09-23 22:02:57', 'author': 'Eve', 'message': 'I just found a meme! It was amazing.', 'author_message_valid': 0, 'keyword_hit_count': 0, 'keywords_hit': ''}
2025-09-23 22:03:11 | INFO | [consumer_data_git_hub] Inserted one processed row.
2025-09-23 22:03:11 | INFO | [consumer_data_git_hub] Processed row: {'src_timestamp': '2025-09-23 22:03:02', 'author': 'Charlie', 'message': 'I just shared JavaScript! It was boring.', 'author_message_valid': 0, 'keyword_hit_count': 0, 'keywords_hit': ''}
2025-09-23 22:03:11 | INFO | [consumer_data_git_hub] Inserted one processed row.
2025-09-23 22:03:11 | INFO | [consumer_data_git_hub] Processed row: {'src_timestamp': '2025-09-23 22:03:07', 'author': 'Bob', 'message': 'I just shared JavaScript! It was exciting.', 'author_message_valid': 0, 'keyword_hit_count': 0, 'keywords_hit': ''}
2025-09-23 22:03:11 | INFO | [consumer_data_git_hub] Inserted one processed row.
2025-09-23 22:03:12 | INFO | {'message': 'I just found Python! It was funny.', 'author': 'Charlie', 'timestamp': '2025-09-23 22:03:12', 'category': 'tech', 'sentiment': 0.59, 'keyword_mentioned': 'Python', 'message_length': 34}
2025-09-23 22:03:12 | INFO | [consumer_data_git_hub] Processed row: {'src_timestamp': '2025-09-23 22:03:12', 'author': 'Charlie', 'message': 'I just found Python! It was funny.', 'author_message_valid': 0, 'keyword_hit_count': 0, 'keywords_hit': ''}
2025-09-23 22:03:12 | INFO | [consumer_data_git_hub] Inserted one processed row.
2025-09-23 22:03:14 | WARNING | [consumer_data_git_hub] Interrupted by user.
2025-09-23 22:03:14 | INFO | [consumer_data_git_hub] Shutdown complete.
2025-09-23 22:03:17 | INFO | {'message': 'I just tried travel! It was exciting.', 'author': 'Bob', 'timestamp': '2025-09-23 22:03:17', 'category': 'travel', 'sentiment': 0.06, 'keyword_mentioned': 'travel', 'message_length': 37}
