2025-09-23 22:03:22 | INFO | {'message': 'I just tried a movie! It was funny.', 'author': 'Eve', 'timestamp': '2025-09-23 22:03:22', 'category': 'entertainment', 'sentiment': 0.23, 'keyword_mentioned': 'movie', 'message_length': 35}
2025-09-23 22:03:27 | INFO | {'message': 'I just found a meme! It was funny.', 'author': 'Bob', 'timestamp': '2025-09-23 22:03:27', 'category': 'humor', 'sentiment': 0.83, 'keyword_mentioned': 'meme', 'message_length': 34}
2025-09-23 22:03:32 | INFO | {'message': 'I just found JavaScript! It was funny.', 'author': 'Charlie', 'timestamp': '2025-09-23 22:03:32', 'category': 'tech', 'sentiment': 0.03, 'keyword_mentioned': 'JavaScript', 'message_length': 38}
2025-09-23 22:03:37 | INFO | Logging to file: logs/project_log.log
2025-09-23 22:03:37 | INFO | Log sanitization enabled, personal info removed
2025-09-23 22:03:37 | INFO | [consumer_data_git_hub] Starting (Kafka mode).
2025-09-23 22:03:37 | INFO | BUZZ_TOPIC: buzzline
2025-09-23 22:03:37 | INFO | BUZZ_CONSUMER_GROUP_ID: buzz_group
2025-09-23 22:03:37 | INFO | BASE_DATA_DIR: PROJECT_ROOT/data
2025-09-23 22:03:37 | INFO | SQLITE_PATH: PROJECT_ROOT/data/buzz.sqlite
2025-09-23 22:03:37 | INFO | [consumer_data_git_hub] SQLite ready at PROJECT_ROOT/data/buzz.sqlite
2025-09-23 22:03:37 | WARNING | [consumer_data_git_hub] No reference file found; author validation will be 0.
2025-09-23 22:03:37 | WARNING | [consumer_data_git_hub] No flag words file found; keyword alerts will never trigger.
2025-09-23 22:03:37 | INFO | Kafka broker address: localhost:9092
2025-09-23 22:03:37 | INFO | Kafka is ready. Brokers: {'throttle_time_ms': 0, 'brokers': [{'node_id': 1, 'host': '127.0.0.1', 'port': 9092, 'rack': None}], 'cluster_id': 'izX4qtgsSweNTi1cWUWQEA', 'controller_id': 1}
2025-09-23 22:03:37 | INFO | Kafka broker address: localhost:9092
2025-09-23 22:03:37 | INFO | Creating Kafka consumer. Topic='buzzline' and group ID='buzz_group'.
2025-09-23 22:03:37 | INFO | {'message': 'I just tried travel! It was funny.', 'author': 'Bob', 'timestamp': '2025-09-23 22:03:37', 'category': 'travel', 'sentiment': 0.24, 'keyword_mentioned': 'travel', 'message_length': 34}
2025-09-23 22:03:37 | INFO | Kafka consumer created successfully.
2025-09-23 22:03:37 | INFO | [consumer_data_git_hub] Polling for messages...
2025-09-23 22:03:41 | INFO | [consumer_data_git_hub] Processed row: {'src_timestamp': '2025-09-23 22:02:52', 'author': 'Eve', 'message': 'I just loved Python! It was weird.', 'author_message_valid': 0, 'keyword_hit_count': 0, 'keywords_hit': ''}
2025-09-23 22:03:41 | INFO | [consumer_data_git_hub] Inserted one processed row.
2025-09-23 22:03:41 | INFO | [consumer_data_git_hub] Processed row: {'src_timestamp': '2025-09-23 22:02:57', 'author': 'Eve', 'message': 'I just found a meme! It was amazing.', 'author_message_valid': 0, 'keyword_hit_count': 0, 'keywords_hit': ''}
2025-09-23 22:03:41 | INFO | [consumer_data_git_hub] Inserted one processed row.
2025-09-23 22:03:41 | INFO | [consumer_data_git_hub] Processed row: {'src_timestamp': '2025-09-23 22:03:02', 'author': 'Charlie', 'message': 'I just shared JavaScript! It was boring.', 'author_message_valid': 0, 'keyword_hit_count': 0, 'keywords_hit': ''}
2025-09-23 22:03:41 | INFO | [consumer_data_git_hub] Inserted one processed row.
2025-09-23 22:03:41 | INFO | [consumer_data_git_hub] Processed row: {'src_timestamp': '2025-09-23 22:03:07', 'author': 'Bob', 'message': 'I just shared JavaScript! It was exciting.', 'author_message_valid': 0, 'keyword_hit_count': 0, 'keywords_hit': ''}
2025-09-23 22:03:41 | INFO | [consumer_data_git_hub] Inserted one processed row.
2025-09-23 22:03:41 | INFO | [consumer_data_git_hub] Processed row: {'src_timestamp': '2025-09-23 22:03:12', 'author': 'Charlie', 'message': 'I just found Python! It was funny.', 'author_message_valid': 0, 'keyword_hit_count': 0, 'keywords_hit': ''}
2025-09-23 22:03:41 | INFO | [consumer_data_git_hub] Inserted one processed row.
2025-09-23 22:03:41 | INFO | [consumer_data_git_hub] Processed row: {'src_timestamp': '2025-09-23 22:03:17', 'author': 'Bob', 'message': 'I just tried travel! It was exciting.', 'author_message_valid': 0, 'keyword_hit_count': 0, 'keywords_hit': ''}
2025-09-23 22:03:41 | INFO | [consumer_data_git_hub] Inserted one processed row.
2025-09-23 22:03:41 | INFO | [consumer_data_git_hub] Processed row: {'src_timestamp': '2025-09-23 22:03:22', 'author': 'Eve', 'message': 'I just tried a movie! It was funny.', 'author_message_valid': 0, 'keyword_hit_count': 0, 'keywords_hit': ''}
2025-09-23 22:03:41 | INFO | [consumer_data_git_hub] Inserted one processed row.
2025-09-23 22:03:41 | INFO | [consumer_data_git_hub] Processed row: {'src_timestamp': '2025-09-23 22:03:27', 'author': 'Bob', 'message': 'I just found a meme! It was funny.', 'author_message_valid': 0, 'keyword_hit_count': 0, 'keywords_hit': ''}
2025-09-23 22:03:41 | INFO | [consumer_data_git_hub] Inserted one processed row.
2025-09-23 22:03:41 | INFO | [consumer_data_git_hub] Processed row: {'src_timestamp': '2025-09-23 22:03:32', 'author': 'Charlie', 'message': 'I just found JavaScript! It was funny.', 'author_message_valid': 0, 'keyword_hit_count': 0, 'keywords_hit': ''}
2025-09-23 22:03:41 | INFO | [consumer_data_git_hub] Inserted one processed row.
2025-09-23 22:03:41 | INFO | [consumer_data_git_hub] Processed row: {'src_timestamp': '2025-09-23 22:03:37', 'author': 'Bob', 'message': 'I just tried travel! It was funny.', 'author_message_valid': 0, 'keyword_hit_count': 0, 'keywords_hit': ''}
2025-09-23 22:03:41 | INFO | [consumer_data_git_hub] Inserted one processed row.
2025-09-23 22:03:42 | INFO | {'message': 'I just saw game! It was boring.', 'author': 'Charlie', 'timestamp': '2025-09-23 22:03:42', 'category': 'gaming', 'sentiment': 0.39, 'keyword_mentioned': 'game', 'message_length': 31}
2025-09-23 22:03:42 | INFO | [consumer_data_git_hub] Processed row: {'src_timestamp': '2025-09-23 22:03:42', 'author': 'Charlie', 'message': 'I just saw game! It was boring.', 'author_message_valid': 0, 'keyword_hit_count': 0, 'keywords_hit': ''}
2025-09-23 22:03:42 | INFO | [consumer_data_git_hub] Inserted one processed row.
2025-09-23 22:03:47 | INFO | {'message': 'I just tried game! It was weird.', 'author': 'Eve', 'timestamp': '2025-09-23 22:03:47', 'category': 'gaming', 'sentiment': 0.05, 'keyword_mentioned': 'game', 'message_length': 32}
2025-09-23 22:03:47 | INFO | [consumer_data_git_hub] Processed row: {'src_timestamp': '2025-09-23 22:03:47', 'author': 'Eve', 'message': 'I just tried game! It was weird.', 'author_message_valid': 0, 'keyword_hit_count': 0, 'keywords_hit': ''}
2025-09-23 22:03:47 | INFO | [consumer_data_git_hub] Inserted one processed row.
2025-09-23 22:03:52 | INFO | {'message': 'I just shared Python! It was weird.', 'author': 'Eve', 'timestamp': '2025-09-23 22:03:52', 'category': 'tech', 'sentiment': 0.26, 'keyword_mentioned': 'Python', 'message_length': 35}
2025-09-23 22:03:52 | INFO | [consumer_data_git_hub] Processed row: {'src_timestamp': '2025-09-23 22:03:52', 'author': 'Eve', 'message': 'I just shared Python! It was weird.', 'author_message_valid': 0, 'keyword_hit_count': 0, 'keywords_hit': ''}
2025-09-23 22:03:52 | INFO | [consumer_data_git_hub] Inserted one processed row.
2025-09-23 22:03:53 | WARNING | [consumer_data_git_hub] Interrupted by user.
2025-09-23 22:03:53 | INFO | [consumer_data_git_hub] Shutdown complete.
2025-09-23 22:03:57 | INFO | {'message': 'I just tried JavaScript! It was funny.', 'author': 'Charlie', 'timestamp': '2025-09-23 22:03:57', 'category': 'tech', 'sentiment': 0.98, 'keyword_mentioned': 'JavaScript', 'message_length': 38}
2025-09-23 22:03:58 | WARNING | Producer interrupted by user.
2025-09-23 22:03:58 | INFO | Kafka producer closed.
2025-09-23 22:03:58 | INFO | Producer shutting down.
