2025-09-23 23:21:03 | INFO | Logging to file: logs/project_log_44108.log
2025-09-23 23:21:03 | INFO | Log sanitization enabled, personal info removed
2025-09-23 23:21:03 | INFO | Starting Much Ado Producer (random author + random message).
2025-09-23 23:21:03 | INFO | Use Ctrl+C to stop.
2025-09-23 23:21:03 | INFO | MESSAGE_INTERVAL_SECONDS: 5
2025-09-23 23:21:03 | INFO | BUZZ_TOPIC: buzzline
2025-09-23 23:21:03 | INFO | KAFKA_BROKER_ADDRESS: 127.0.0.1:9092
2025-09-23 23:21:03 | INFO | BASE_DATA_DIR: PROJECT_ROOT/data
2025-09-23 23:21:03 | INFO | LIVE_DATA_PATH: PROJECT_ROOT/data/project_live.json
2025-09-23 23:21:03 | INFO | [producer_much_ado] Using reference JSON: PROJECT_ROOT/files/much_ado_excerpt.json
2025-09-23 23:21:03 | INFO | Deleted existing live data file.
2025-09-23 23:21:03 | INFO | Kafka broker address: localhost:9092
2025-09-23 23:21:03 | INFO | Kafka is ready. Brokers: {'throttle_time_ms': 0, 'brokers': [{'node_id': 1, 'host': '127.0.0.1', 'port': 9092, 'rack': None}], 'cluster_id': 'izX4qtgsSweNTi1cWUWQEA', 'controller_id': 1}
2025-09-23 23:21:04 | INFO | Kafka broker address: localhost:9092
2025-09-23 23:21:04 | INFO | Topic 'buzzline' already exists. Recreating fresh...
2025-09-23 23:21:04 | INFO | Requested deletion of topic 'buzzline'.
2025-09-23 23:21:04 | INFO | Topic 'buzzline' created successfully.
2025-09-23 23:21:04 | INFO | {'message': 'He hath borne himself beyond the promise of his age, doing in the figure', 'author': 'borachio', 'timestamp': '2025-09-23 23:21:04', 'category': 'literature', 'sentiment': 0.5, 'keyword_mentioned': 'none', 'message_length': 72}
2025-09-23 23:21:09 | INFO | {'message': 'ladies, only you excepted; and I would I could find in my heart that I had', 'author': 'benedick', 'timestamp': '2025-09-23 23:21:09', 'category': 'literature', 'sentiment': 0.5, 'keyword_mentioned': 'none', 'message_length': 74}
2025-09-23 23:21:14 | INFO | {'message': 'A kind overflow of kindness. There are no faces truer than those', 'author': 'don john', 'timestamp': '2025-09-23 23:21:14', 'category': 'literature', 'sentiment': 0.5, 'keyword_mentioned': 'none', 'message_length': 64}
2025-09-23 23:21:19 | INFO | {'message': 'Is it possible Disdain should die while she hath such meet food', 'author': 'benedick', 'timestamp': '2025-09-23 23:21:19', 'category': 'literature', 'sentiment': 0.0, 'keyword_mentioned': 'none', 'message_length': 63}
2025-09-23 23:21:24 | INFO | {'message': 'comes me the Prince and Claudio, hand in hand, in sad conference: I whipt', 'author': 'beatrice', 'timestamp': '2025-09-23 23:21:24', 'category': 'literature', 'sentiment': 0.0, 'keyword_mentioned': 'none', 'message_length': 73}
2025-09-23 23:21:29 | INFO | {'message': 'A victory is twice itself when the achiever brings home full', 'author': 'hero', 'timestamp': '2025-09-23 23:21:29', 'category': 'literature', 'sentiment': 0.5, 'keyword_mentioned': 'none', 'message_length': 60}
2025-09-23 23:21:34 | INFO | {'message': 'it.', 'author': 'beatrice', 'timestamp': '2025-09-23 23:21:34', 'category': 'literature', 'sentiment': 0.5, 'keyword_mentioned': 'none', 'message_length': 3}
2025-09-23 23:21:39 | INFO | {'message': 'women shall pardon me. Because I will not do them the wrong to mistrust', 'author': 'don pedro', 'timestamp': '2025-09-23 23:21:39', 'category': 'literature', 'sentiment': 0.5, 'keyword_mentioned': 'none', 'message_length': 71}
2025-09-23 23:21:44 | INFO | {'message': 'I wonder that you will still be talking, Signior Benedick:', 'author': 'don pedro', 'timestamp': '2025-09-23 23:21:44', 'category': 'literature', 'sentiment': 0.5, 'keyword_mentioned': 'none', 'message_length': 58}
2025-09-23 23:21:49 | INFO | {'message': 'Well, you will temporize with the hours. In the meantime,', 'author': 'messenger', 'timestamp': '2025-09-23 23:21:49', 'category': 'literature', 'sentiment': 0.5, 'keyword_mentioned': 'none', 'message_length': 57}
2025-09-23 23:21:54 | INFO | {'message': 'winded in my forehead, or hang my bugle in an invisible baldrick, all', 'author': 'leonato', 'timestamp': '2025-09-23 23:21:54', 'category': 'literature', 'sentiment': 0.0, 'keyword_mentioned': 'none', 'message_length': 69}
2025-09-23 23:21:59 | INFO | {'message': 'be meet with you, I doubt it not.', 'author': 'messenger', 'timestamp': '2025-09-23 23:21:59', 'category': 'literature', 'sentiment': 0.5, 'keyword_mentioned': 'none', 'message_length': 33}
2025-09-23 23:22:04 | INFO | {'message': 'Benedick, my dear friend Leonato hath invited you all. I tell him we shall', 'author': 'benedick', 'timestamp': '2025-09-23 23:22:04', 'category': 'literature', 'sentiment': 0.5, 'keyword_mentioned': 'none', 'message_length': 74}
2025-09-23 23:22:09 | INFO | {'message': 'Do, good friend.', 'author': 'messenger', 'timestamp': '2025-09-23 23:22:09', 'category': 'literature', 'sentiment': 1.0, 'keyword_mentioned': 'none', 'message_length': 16}
2025-09-23 23:22:14 | INFO | {'message': 'But few of any sort, and none of name.', 'author': 'leonato', 'timestamp': '2025-09-23 23:22:14', 'category': 'literature', 'sentiment': 0.5, 'keyword_mentioned': 'none', 'message_length': 38}
2025-09-23 23:22:19 | INFO | {'message': 'Are they good?', 'author': 'beatrice', 'timestamp': '2025-09-23 23:22:19', 'category': 'literature', 'sentiment': 1.0, 'keyword_mentioned': 'none', 'message_length': 14}
2025-09-23 23:22:24 | INFO | {'message': 'this music?', 'author': 'benedick', 'timestamp': '2025-09-23 23:22:24', 'category': 'literature', 'sentiment': 0.5, 'keyword_mentioned': 'none', 'message_length': 11}
2025-09-23 23:22:29 | INFO | {'message': 'she were unhandsome, and being no other but as she is, I do not like her.', 'author': 'benedick', 'timestamp': '2025-09-23 23:22:29', 'category': 'literature', 'sentiment': 0.5, 'keyword_mentioned': 'none', 'message_length': 73}
2025-09-23 23:22:34 | INFO | {'message': 'Well, if ever thou dost fall from this faith, thou wilt prove a', 'author': 'messenger', 'timestamp': '2025-09-23 23:22:34', 'category': 'literature', 'sentiment': 0.5, 'keyword_mentioned': 'none', 'message_length': 63}
2025-09-23 23:22:39 | INFO | {'message': 'If this were so, so were it uttered.', 'author': 'messenger', 'timestamp': '2025-09-23 23:22:39', 'category': 'literature', 'sentiment': 0.5, 'keyword_mentioned': 'none', 'message_length': 36}
2025-09-23 23:22:44 | INFO | {'message': 'No, no; we will hold it as a dream till it appear itself: but I', 'author': 'don john', 'timestamp': '2025-09-23 23:22:44', 'category': 'literature', 'sentiment': 0.5, 'keyword_mentioned': 'none', 'message_length': 63}
2025-09-23 23:22:49 | INFO | {'message': 'A proper squire! And who, and who? which way looks he?', 'author': 'messenger', 'timestamp': '2025-09-23 23:22:49', 'category': 'literature', 'sentiment': 0.5, 'keyword_mentioned': 'none', 'message_length': 54}
2025-09-23 23:22:54 | INFO | {'message': 'Thou wilt be like a lover presently,', 'author': 'don pedro', 'timestamp': '2025-09-23 23:22:54', 'category': 'literature', 'sentiment': 0.5, 'keyword_mentioned': 'none', 'message_length': 36}
2025-09-23 23:22:59 | INFO | {'message': 'your daughter.', 'author': 'borachio', 'timestamp': '2025-09-23 23:22:59', 'category': 'literature', 'sentiment': 0.5, 'keyword_mentioned': 'none', 'message_length': 14}
2025-09-23 23:23:04 | INFO | {'message': 'Then is courtesy a turncoat. But it is certain I am loved of all', 'author': 'messenger', 'timestamp': '2025-09-23 23:23:04', 'category': 'literature', 'sentiment': 0.5, 'keyword_mentioned': 'none', 'message_length': 64}
2025-09-23 23:23:09 | INFO | {'message': 'with a pernicious suitor. I thank God and my cold blood, I am of your', 'author': 'claudio', 'timestamp': '2025-09-23 23:23:09', 'category': 'literature', 'sentiment': 0.5, 'keyword_mentioned': 'none', 'message_length': 69}
2025-09-23 23:23:14 | INFO | {'message': 'I would my horse had the speed of your tongue, and so good a', 'author': 'borachio', 'timestamp': '2025-09-23 23:23:14', 'category': 'literature', 'sentiment': 1.0, 'keyword_mentioned': 'none', 'message_length': 60}
2025-09-23 23:23:19 | INFO | {'message': 'If this should ever happen, thou wouldst be horn-mad.', 'author': 'benedick', 'timestamp': '2025-09-23 23:23:19', 'category': 'literature', 'sentiment': 0.5, 'keyword_mentioned': 'none', 'message_length': 53}
2025-09-23 23:23:24 | INFO | {'message': 'He is very busy about it. But, brother, I can tell you strange', 'author': 'benedick', 'timestamp': '2025-09-23 23:23:24', 'category': 'literature', 'sentiment': 0.5, 'keyword_mentioned': 'none', 'message_length': 62}
2025-09-23 23:23:29 | INFO | {'message': 'That a woman conceived me, I thank her; that she brought me up,', 'author': 'don pedro', 'timestamp': '2025-09-23 23:23:29', 'category': 'literature', 'sentiment': 0.5, 'keyword_mentioned': 'none', 'message_length': 63}
2025-09-23 23:23:34 | INFO | {'message': 'any, I will do myself the right to trust none; and the fine is,—for the', 'author': 'don pedro', 'timestamp': '2025-09-23 23:23:34', 'category': 'literature', 'sentiment': 0.5, 'keyword_mentioned': 'none', 'message_length': 71}
2025-09-23 23:23:39 | INFO | {'message': 'no intent to turn husband, have you?', 'author': 'leonato', 'timestamp': '2025-09-23 23:23:39', 'category': 'literature', 'sentiment': 0.5, 'keyword_mentioned': 'none', 'message_length': 36}
2025-09-23 23:23:44 | INFO | {'message': 'I would have salv’d it with a longer treatise.', 'author': 'leonato', 'timestamp': '2025-09-23 23:23:44', 'category': 'literature', 'sentiment': 0.5, 'keyword_mentioned': 'none', 'message_length': 46}
2025-09-23 23:23:49 | INFO | {'message': 'Please it your Grace lead on?', 'author': 'don pedro', 'timestamp': '2025-09-23 23:23:49', 'category': 'literature', 'sentiment': 1.0, 'keyword_mentioned': 'none', 'message_length': 29}
2025-09-23 23:23:49 | WARNING | Producer interrupted by user.
2025-09-23 23:23:49 | INFO | Producer shutting down.
